{"/home/travis/build/npmtest/node-npmtest-solr-client/test.js":{"path":"/home/travis/build/npmtest/node-npmtest-solr-client/test.js","s":{"1":2,"2":2,"3":2,"4":2,"5":2,"6":2,"7":2,"8":1,"9":2,"10":2,"11":1,"12":1,"13":1,"14":1,"15":2,"16":2,"17":2,"18":2,"19":1,"20":1,"21":2,"22":2,"23":2,"24":1,"25":1,"26":1,"27":1,"28":1,"29":1,"30":1,"31":1,"32":1,"33":1,"34":1,"35":1,"36":1,"37":1,"38":1,"39":2,"40":2,"41":1,"42":2,"43":2,"44":1,"45":2,"46":2,"47":1,"48":2,"49":2,"50":1,"51":1,"52":1,"53":1,"54":1},"b":{"1":[2,1,1,1],"2":[1,1,1,1],"3":[1,1],"4":[1,1],"5":[1,1],"6":[1,1],"7":[1,1],"8":[1,1],"9":[1,1],"10":[1,1,1],"11":[1,1],"12":[1,1],"13":[1,1],"14":[1,1],"15":[1,1],"16":[1,1],"17":[1,1]},"f":{"1":2,"2":2,"3":2,"4":2,"5":2,"6":1,"7":1,"8":1,"9":2,"10":2,"11":2,"12":2,"13":1},"fnMap":{"1":{"name":"(anonymous_1)","line":12,"loc":{"start":{"line":12,"column":1},"end":{"line":12,"column":13}}},"2":{"name":"(anonymous_2)","line":19,"loc":{"start":{"line":19,"column":5},"end":{"line":19,"column":17}}},"3":{"name":"(anonymous_3)","line":23,"loc":{"start":{"line":23,"column":24},"end":{"line":23,"column":36}}},"4":{"name":"(anonymous_4)","line":61,"loc":{"start":{"line":61,"column":5},"end":{"line":61,"column":17}}},"5":{"name":"(anonymous_5)","line":82,"loc":{"start":{"line":82,"column":5},"end":{"line":82,"column":17}}},"6":{"name":"(anonymous_6)","line":91,"loc":{"start":{"line":91,"column":77},"end":{"line":94,"column":10}}},"7":{"name":"(anonymous_7)","line":112,"loc":{"start":{"line":112,"column":83},"end":{"line":115,"column":10}},"skip":true},"8":{"name":"(anonymous_8)","line":123,"loc":{"start":{"line":123,"column":77},"end":{"line":126,"column":10}},"skip":true},"9":{"name":"(anonymous_9)","line":139,"loc":{"start":{"line":139,"column":12},"end":{"line":139,"column":40}},"skip":true},"10":{"name":"(anonymous_10)","line":147,"loc":{"start":{"line":147,"column":77},"end":{"line":150,"column":10}},"skip":true},"11":{"name":"(anonymous_11)","line":158,"loc":{"start":{"line":158,"column":83},"end":{"line":161,"column":10}},"skip":true},"12":{"name":"(anonymous_12)","line":169,"loc":{"start":{"line":169,"column":79},"end":{"line":172,"column":10}},"skip":true},"13":{"name":"(anonymous_13)","line":180,"loc":{"start":{"line":180,"column":75},"end":{"line":183,"column":10}},"skip":true}},"statementMap":{"1":{"start":{"line":12,"column":0},"end":{"line":195,"column":5}},"2":{"start":{"line":14,"column":4},"end":{"line":14,"column":14}},"3":{"start":{"line":19,"column":4},"end":{"line":56,"column":9}},"4":{"start":{"line":21,"column":8},"end":{"line":21,"column":19}},"5":{"start":{"line":23,"column":8},"end":{"line":35,"column":13}},"6":{"start":{"line":24,"column":12},"end":{"line":34,"column":13}},"7":{"start":{"line":25,"column":16},"end":{"line":28,"column":30}},"8":{"start":{"line":30,"column":16},"end":{"line":33,"column":27}},"9":{"start":{"line":37,"column":8},"end":{"line":39,"column":21}},"10":{"start":{"line":40,"column":8},"end":{"line":53,"column":9}},"11":{"start":{"line":43,"column":12},"end":{"line":46,"column":14}},"12":{"start":{"line":47,"column":12},"end":{"line":47,"column":18}},"13":{"start":{"line":50,"column":12},"end":{"line":51,"column":46}},"14":{"start":{"line":52,"column":12},"end":{"line":52,"column":18}},"15":{"start":{"line":55,"column":8},"end":{"line":55,"column":35}},"16":{"start":{"line":61,"column":4},"end":{"line":63,"column":9}},"17":{"start":{"line":62,"column":8},"end":{"line":62,"column":15}},"18":{"start":{"line":64,"column":4},"end":{"line":77,"column":5}},"19":{"start":{"line":70,"column":8},"end":{"line":70,"column":14}},"20":{"start":{"line":76,"column":8},"end":{"line":76,"column":14}},"21":{"start":{"line":82,"column":4},"end":{"line":84,"column":9}},"22":{"start":{"line":83,"column":8},"end":{"line":83,"column":15}},"23":{"start":{"line":85,"column":4},"end":{"line":194,"column":5}},"24":{"start":{"line":91,"column":8},"end":{"line":99,"column":10}},"25":{"start":{"line":98,"column":12},"end":{"line":98,"column":35}},"26":{"start":{"line":102,"column":8},"end":{"line":104,"column":63}},"27":{"start":{"line":105,"column":8},"end":{"line":105,"column":14}},"28":{"start":{"line":112,"column":8},"end":{"line":121,"column":10},"skip":true},"29":{"start":{"line":119,"column":12},"end":{"line":119,"column":55},"skip":true},"30":{"start":{"line":120,"column":12},"end":{"line":120,"column":48},"skip":true},"31":{"start":{"line":123,"column":8},"end":{"line":136,"column":10},"skip":true},"32":{"start":{"line":130,"column":12},"end":{"line":130,"column":76},"skip":true},"33":{"start":{"line":131,"column":12},"end":{"line":131,"column":73},"skip":true},"34":{"start":{"line":132,"column":12},"end":{"line":132,"column":74},"skip":true},"35":{"start":{"line":133,"column":12},"end":{"line":133,"column":79},"skip":true},"36":{"start":{"line":134,"column":12},"end":{"line":134,"column":25},"skip":true},"37":{"start":{"line":135,"column":12},"end":{"line":135,"column":45},"skip":true},"38":{"start":{"line":138,"column":8},"end":{"line":145,"column":14},"skip":true},"39":{"start":{"line":143,"column":16},"end":{"line":143,"column":29},"skip":true},"40":{"start":{"line":144,"column":16},"end":{"line":144,"column":55},"skip":true},"41":{"start":{"line":147,"column":8},"end":{"line":156,"column":10},"skip":true},"42":{"start":{"line":154,"column":12},"end":{"line":154,"column":25},"skip":true},"43":{"start":{"line":155,"column":12},"end":{"line":155,"column":45},"skip":true},"44":{"start":{"line":158,"column":8},"end":{"line":167,"column":10},"skip":true},"45":{"start":{"line":165,"column":12},"end":{"line":165,"column":25},"skip":true},"46":{"start":{"line":166,"column":12},"end":{"line":166,"column":48},"skip":true},"47":{"start":{"line":169,"column":8},"end":{"line":178,"column":10},"skip":true},"48":{"start":{"line":176,"column":12},"end":{"line":176,"column":25},"skip":true},"49":{"start":{"line":177,"column":12},"end":{"line":177,"column":46},"skip":true},"50":{"start":{"line":180,"column":8},"end":{"line":189,"column":10},"skip":true},"51":{"start":{"line":187,"column":12},"end":{"line":187,"column":94},"skip":true},"52":{"start":{"line":188,"column":12},"end":{"line":188,"column":48},"skip":true},"53":{"start":{"line":192,"column":8},"end":{"line":192,"column":35},"skip":true},"54":{"start":{"line":193,"column":8},"end":{"line":193,"column":14},"skip":true}},"branchMap":{"1":{"line":25,"type":"binary-expr","locations":[{"start":{"line":25,"column":23},"end":{"line":25,"column":62}},{"start":{"line":26,"column":20},"end":{"line":26,"column":70}},{"start":{"line":27,"column":20},"end":{"line":27,"column":71}},{"start":{"line":28,"column":20},"end":{"line":28,"column":29}}]},"2":{"line":30,"type":"binary-expr","locations":[{"start":{"line":30,"column":23},"end":{"line":30,"column":37}},{"start":{"line":31,"column":20},"end":{"line":31,"column":61}},{"start":{"line":32,"column":20},"end":{"line":32,"column":70}},{"start":{"line":33,"column":20},"end":{"line":33,"column":26}}]},"3":{"line":37,"type":"cond-expr","locations":[{"start":{"line":38,"column":14},"end":{"line":38,"column":20}},{"start":{"line":39,"column":14},"end":{"line":39,"column":20}}]},"4":{"line":40,"type":"switch","locations":[{"start":{"line":42,"column":8},"end":{"line":47,"column":18}},{"start":{"line":49,"column":8},"end":{"line":52,"column":18}}]},"5":{"line":44,"type":"binary-expr","locations":[{"start":{"line":44,"column":16},"end":{"line":44,"column":44}},{"start":{"line":44,"column":48},"end":{"line":44,"column":66}}]},"6":{"line":50,"type":"binary-expr","locations":[{"start":{"line":50,"column":21},"end":{"line":50,"column":49}},{"start":{"line":50,"column":53},"end":{"line":50,"column":72}}]},"7":{"line":64,"type":"switch","locations":[{"start":{"line":69,"column":4},"end":{"line":70,"column":14}},{"start":{"line":75,"column":4},"end":{"line":76,"column":14}}]},"8":{"line":85,"type":"switch","locations":[{"start":{"line":90,"column":4},"end":{"line":105,"column":14}},{"start":{"line":111,"column":4},"end":{"line":193,"column":14},"skip":true}]},"9":{"line":91,"type":"binary-expr","locations":[{"start":{"line":91,"column":42},"end":{"line":91,"column":73}},{"start":{"line":91,"column":77},"end":{"line":99,"column":9}}]},"10":{"line":102,"type":"binary-expr","locations":[{"start":{"line":102,"column":18},"end":{"line":102,"column":32}},{"start":{"line":103,"column":12},"end":{"line":103,"column":53}},{"start":{"line":104,"column":12},"end":{"line":104,"column":61}}]},"11":{"line":112,"type":"binary-expr","locations":[{"start":{"line":112,"column":45},"end":{"line":112,"column":79},"skip":true},{"start":{"line":112,"column":83},"end":{"line":121,"column":9},"skip":true}]},"12":{"line":123,"type":"binary-expr","locations":[{"start":{"line":123,"column":42},"end":{"line":123,"column":73},"skip":true},{"start":{"line":123,"column":77},"end":{"line":136,"column":9},"skip":true}]},"13":{"line":138,"type":"binary-expr","locations":[{"start":{"line":138,"column":48},"end":{"line":138,"column":85},"skip":true},{"start":{"line":139,"column":12},"end":{"line":145,"column":13},"skip":true}]},"14":{"line":147,"type":"binary-expr","locations":[{"start":{"line":147,"column":42},"end":{"line":147,"column":73},"skip":true},{"start":{"line":147,"column":77},"end":{"line":156,"column":9},"skip":true}]},"15":{"line":158,"type":"binary-expr","locations":[{"start":{"line":158,"column":45},"end":{"line":158,"column":79},"skip":true},{"start":{"line":158,"column":83},"end":{"line":167,"column":9},"skip":true}]},"16":{"line":169,"type":"binary-expr","locations":[{"start":{"line":169,"column":43},"end":{"line":169,"column":75},"skip":true},{"start":{"line":169,"column":79},"end":{"line":178,"column":9},"skip":true}]},"17":{"line":180,"type":"binary-expr","locations":[{"start":{"line":180,"column":41},"end":{"line":180,"column":71},"skip":true},{"start":{"line":180,"column":75},"end":{"line":189,"column":9},"skip":true}]}},"code":["/* istanbul instrument in package npmtest_solr_client */","/*jslint","    bitwise: true,","    browser: true,","    maxerr: 8,","    maxlen: 96,","    node: true,","    nomen: true,","    regexp: true,","    stupid: true","*/","(function () {","    'use strict';","    var local;","","","","    // run shared js-env code - pre-init","    (function () {","        // init local","        local = {};","        // init modeJs","        local.modeJs = (function () {","            try {","                return typeof navigator.userAgent === 'string' &&","                    typeof document.querySelector('body') === 'object' &&","                    typeof XMLHttpRequest.prototype.open === 'function' &&","                    'browser';","            } catch (errorCaughtBrowser) {","                return module.exports &&","                    typeof process.versions.node === 'string' &&","                    typeof require('http').createServer === 'function' &&","                    'node';","            }","        }());","        // init global","        local.global = local.modeJs === 'browser'","            ? window","            : global;","        switch (local.modeJs) {","        // re-init local from window.local","        case 'browser':","            local = local.global.utility2.objectSetDefault(","                local.global.utility2_rollup || local.global.local,","                local.global.utility2","            );","            break;","        // re-init local from example.js","        case 'node':","            local = (local.global.utility2_rollup || require('utility2'))","                .requireExampleJsFromReadme();","            break;","        }","        // export local","        local.global.local = local;","    }());","","","","    // run shared js-env code - function","    (function () {","        return;","    }());","    switch (local.modeJs) {","","","","    // run browser js-env code - function","    case 'browser':","        break;","","","","    // run node js-env code - function","    case 'node':","        break;","    }","","","","    // run shared js-env code - post-init","    (function () {","        return;","    }());","    switch (local.modeJs) {","","","","    // run browser js-env code - post-init","    case 'browser':","        local.testCase_browser_nullCase = local.testCase_browser_nullCase || function (","            options,","            onError","        ) {","        /*","         * this function will test browsers's null-case handling-behavior-behavior","         */","            onError(null, options);","        };","","        // run tests","        local.nop(local.modeTest &&","            document.querySelector('#testRunButton1') &&","            document.querySelector('#testRunButton1').click());","        break;","","","","    // run node js-env code - post-init","    /* istanbul ignore next */","    case 'node':","        local.testCase_buildApidoc_default = local.testCase_buildApidoc_default || function (","            options,","            onError","        ) {","        /*","         * this function will test buildApidoc's default handling-behavior-behavior","         */","            options = { modulePathList: module.paths };","            local.buildApidoc(options, onError);","        };","","        local.testCase_buildApp_default = local.testCase_buildApp_default || function (","            options,","            onError","        ) {","        /*","         * this function will test buildApp's default handling-behavior-behavior","         */","            local.testCase_buildReadme_default(options, local.onErrorThrow);","            local.testCase_buildLib_default(options, local.onErrorThrow);","            local.testCase_buildTest_default(options, local.onErrorThrow);","            local.testCase_buildCustomOrg_default(options, local.onErrorThrow);","            options = [];","            local.buildApp(options, onError);","        };","","        local.testCase_buildCustomOrg_default = local.testCase_buildCustomOrg_default ||","            function (options, onError) {","            /*","             * this function will test buildCustomOrg's default handling-behavior","             */","                options = {};","                local.buildCustomOrg(options, onError);","            };","","        local.testCase_buildLib_default = local.testCase_buildLib_default || function (","            options,","            onError","        ) {","        /*","         * this function will test buildLib's default handling-behavior","         */","            options = {};","            local.buildLib(options, onError);","        };","","        local.testCase_buildReadme_default = local.testCase_buildReadme_default || function (","            options,","            onError","        ) {","        /*","         * this function will test buildReadme's default handling-behavior-behavior","         */","            options = {};","            local.buildReadme(options, onError);","        };","","        local.testCase_buildTest_default = local.testCase_buildTest_default || function (","            options,","            onError","        ) {","        /*","         * this function will test buildTest's default handling-behavior","         */","            options = {};","            local.buildTest(options, onError);","        };","","        local.testCase_webpage_default = local.testCase_webpage_default || function (","            options,","            onError","        ) {","        /*","         * this function will test webpage's default handling-behavior","         */","            options = { modeCoverageMerge: true, url: local.serverLocalHost + '?modeTest=1' };","            local.browserTest(options, onError);","        };","","        // run test-server","        local.testRunServer(local);","        break;","    }","}());",""],"l":{"12":2,"14":2,"19":2,"21":2,"23":2,"24":2,"25":2,"30":1,"37":2,"40":2,"43":1,"47":1,"50":1,"52":1,"55":2,"61":2,"62":2,"64":2,"70":1,"76":1,"82":2,"83":2,"85":2,"91":1,"98":1,"102":1,"105":1,"112":1,"119":1,"120":1,"123":1,"130":1,"131":1,"132":1,"133":1,"134":1,"135":1,"138":1,"143":2,"144":2,"147":1,"154":2,"155":2,"158":1,"165":2,"166":2,"169":1,"176":2,"177":2,"180":1,"187":1,"188":1,"192":1,"193":1}},"/home/travis/build/npmtest/node-npmtest-solr-client/lib.npmtest_solr_client.js":{"path":"/home/travis/build/npmtest/node-npmtest-solr-client/lib.npmtest_solr_client.js","s":{"1":2,"2":2,"3":2,"4":2,"5":2,"6":2,"7":2,"8":1,"9":2,"10":2,"11":2,"12":2,"13":1,"14":1,"15":1,"16":1},"b":{"1":[2,1,1,1],"2":[1,1,1,1],"3":[1,1],"4":[2,2],"5":[1,1]},"f":{"1":2,"2":2,"3":2},"fnMap":{"1":{"name":"(anonymous_1)","line":12,"loc":{"start":{"line":12,"column":1},"end":{"line":12,"column":13}}},"2":{"name":"(anonymous_2)","line":19,"loc":{"start":{"line":19,"column":5},"end":{"line":19,"column":17}}},"3":{"name":"(anonymous_3)","line":23,"loc":{"start":{"line":23,"column":24},"end":{"line":23,"column":36}}}},"statementMap":{"1":{"start":{"line":12,"column":0},"end":{"line":53,"column":5}},"2":{"start":{"line":14,"column":4},"end":{"line":14,"column":14}},"3":{"start":{"line":19,"column":4},"end":{"line":52,"column":9}},"4":{"start":{"line":21,"column":8},"end":{"line":21,"column":19}},"5":{"start":{"line":23,"column":8},"end":{"line":35,"column":13}},"6":{"start":{"line":24,"column":12},"end":{"line":34,"column":13}},"7":{"start":{"line":25,"column":16},"end":{"line":28,"column":30}},"8":{"start":{"line":30,"column":16},"end":{"line":33,"column":27}},"9":{"start":{"line":37,"column":8},"end":{"line":39,"column":21}},"10":{"start":{"line":41,"column":8},"end":{"line":41,"column":54}},"11":{"start":{"line":43,"column":8},"end":{"line":43,"column":56}},"12":{"start":{"line":45,"column":8},"end":{"line":51,"column":9}},"13":{"start":{"line":46,"column":12},"end":{"line":46,"column":62}},"14":{"start":{"line":48,"column":12},"end":{"line":48,"column":35}},"15":{"start":{"line":49,"column":12},"end":{"line":49,"column":49}},"16":{"start":{"line":50,"column":12},"end":{"line":50,"column":43}}},"branchMap":{"1":{"line":25,"type":"binary-expr","locations":[{"start":{"line":25,"column":23},"end":{"line":25,"column":62}},{"start":{"line":26,"column":20},"end":{"line":26,"column":70}},{"start":{"line":27,"column":20},"end":{"line":27,"column":71}},{"start":{"line":28,"column":20},"end":{"line":28,"column":29}}]},"2":{"line":30,"type":"binary-expr","locations":[{"start":{"line":30,"column":23},"end":{"line":30,"column":37}},{"start":{"line":31,"column":20},"end":{"line":31,"column":61}},{"start":{"line":32,"column":20},"end":{"line":32,"column":70}},{"start":{"line":33,"column":20},"end":{"line":33,"column":26}}]},"3":{"line":37,"type":"cond-expr","locations":[{"start":{"line":38,"column":14},"end":{"line":38,"column":20}},{"start":{"line":39,"column":14},"end":{"line":39,"column":20}}]},"4":{"line":41,"type":"binary-expr","locations":[{"start":{"line":41,"column":16},"end":{"line":41,"column":44}},{"start":{"line":41,"column":48},"end":{"line":41,"column":53}}]},"5":{"line":45,"type":"if","locations":[{"start":{"line":45,"column":8},"end":{"line":45,"column":8}},{"start":{"line":45,"column":8},"end":{"line":45,"column":8}}]}},"code":["/* istanbul instrument in package npmtest_solr_client */","/*jslint","    bitwise: true,","    browser: true,","    maxerr: 8,","    maxlen: 96,","    node: true,","    nomen: true,","    regexp: true,","    stupid: true","*/","(function () {","    'use strict';","    var local;","","","","    // run shared js-env code - pre-init","    (function () {","        // init local","        local = {};","        // init modeJs","        local.modeJs = (function () {","            try {","                return typeof navigator.userAgent === 'string' &&","                    typeof document.querySelector('body') === 'object' &&","                    typeof XMLHttpRequest.prototype.open === 'function' &&","                    'browser';","            } catch (errorCaughtBrowser) {","                return module.exports &&","                    typeof process.versions.node === 'string' &&","                    typeof require('http').createServer === 'function' &&","                    'node';","            }","        }());","        // init global","        local.global = local.modeJs === 'browser'","            ? window","            : global;","        // init utility2_rollup","        local = local.global.utility2_rollup || local;","        // init lib","        local.local = local.npmtest_solr_client = local;","        // init exports","        if (local.modeJs === 'browser') {","            local.global.utility2_npmtest_solr_client = local;","        } else {","            module.exports = local;","            module.exports.__dirname = __dirname;","            module.exports.module = module;","        }","    }());","}());",""],"l":{"12":2,"14":2,"19":2,"21":2,"23":2,"24":2,"25":2,"30":1,"37":2,"41":2,"43":2,"45":2,"46":1,"48":1,"49":1,"50":1}},"/home/travis/build/npmtest/node-npmtest-solr-client/example.js":{"path":"/home/travis/build/npmtest/node-npmtest-solr-client/example.js","s":{"1":2,"2":2,"3":2,"4":2,"5":2,"6":2,"7":2,"8":1,"9":2,"10":2,"11":2,"12":2,"13":1,"14":2,"15":2,"16":2,"17":2,"18":2,"19":0,"20":2,"21":1,"22":1,"23":1,"24":1,"25":1,"26":0,"27":0,"28":1,"29":1,"30":2,"31":0,"32":0,"33":0,"34":1,"35":2,"36":2,"37":3,"38":3,"39":3,"40":3,"41":0,"42":3,"43":3,"44":3,"45":1,"46":3,"47":1,"48":1,"49":1,"50":1,"51":1,"52":1,"53":1,"54":1,"55":1,"56":1,"57":0,"58":1,"59":6,"60":6,"61":1,"62":2,"63":0,"64":2,"65":1,"66":1,"67":0,"68":0,"69":0,"70":0,"71":0,"72":0,"73":0,"74":0,"75":0,"76":0,"77":0,"78":0,"79":0,"80":0,"81":0,"82":0,"83":0},"b":{"1":[2,1,1,1],"2":[1,1,1,1],"3":[1,1],"4":[2,2],"5":[1,1],"6":[1,1],"7":[2,0],"8":[2,1,1,1,1,1],"9":[0,2,0],"10":[1,1],"11":[2,1,1],"12":[1,0],"13":[0,2],"14":[2,0,0,0,0,0,0],"15":[0,3],"16":[3,0],"17":[1,1],"18":[0,1],"19":[1,2,0,2],"20":[1,0],"21":[1,1],"22":[0,0],"23":[0,0],"24":[0,0],"25":[0,0],"26":[0,0],"27":[0,0],"28":[0,0]},"f":{"1":2,"2":2,"3":2,"4":2,"5":2,"6":2,"7":3,"8":3,"9":3,"10":1,"11":6,"12":0},"fnMap":{"1":{"name":"(anonymous_1)","line":26,"loc":{"start":{"line":26,"column":1},"end":{"line":26,"column":13}}},"2":{"name":"(anonymous_2)","line":33,"loc":{"start":{"line":33,"column":5},"end":{"line":33,"column":17}}},"3":{"name":"(anonymous_3)","line":37,"loc":{"start":{"line":37,"column":24},"end":{"line":37,"column":36}}},"4":{"name":"(anonymous_4)","line":69,"loc":{"start":{"line":69,"column":31},"end":{"line":69,"column":48}},"skip":true},"5":{"name":"(anonymous_5)","line":78,"loc":{"start":{"line":78,"column":26},"end":{"line":78,"column":45}},"skip":true},"6":{"name":"(anonymous_6)","line":123,"loc":{"start":{"line":123,"column":33},"end":{"line":123,"column":48}},"skip":true},"7":{"name":"(anonymous_7)","line":125,"loc":{"start":{"line":125,"column":27},"end":{"line":125,"column":39}},"skip":true},"8":{"name":"(anonymous_8)","line":133,"loc":{"start":{"line":133,"column":59},"end":{"line":133,"column":74}},"skip":true},"9":{"name":"(anonymous_9)","line":143,"loc":{"start":{"line":143,"column":45},"end":{"line":143,"column":62}},"skip":true},"10":{"name":"(anonymous_10)","line":144,"loc":{"start":{"line":144,"column":73},"end":{"line":144,"column":92}},"skip":true},"11":{"name":"(anonymous_11)","line":272,"loc":{"start":{"line":272,"column":51},"end":{"line":272,"column":77}},"skip":true},"12":{"name":"(anonymous_12)","line":315,"loc":{"start":{"line":315,"column":32},"end":{"line":315,"column":61}},"skip":true}},"statementMap":{"1":{"start":{"line":26,"column":0},"end":{"line":326,"column":5}},"2":{"start":{"line":28,"column":4},"end":{"line":28,"column":14}},"3":{"start":{"line":33,"column":4},"end":{"line":60,"column":9}},"4":{"start":{"line":35,"column":8},"end":{"line":35,"column":19}},"5":{"start":{"line":37,"column":8},"end":{"line":49,"column":13}},"6":{"start":{"line":38,"column":12},"end":{"line":48,"column":13}},"7":{"start":{"line":39,"column":16},"end":{"line":42,"column":30}},"8":{"start":{"line":44,"column":16},"end":{"line":47,"column":27}},"9":{"start":{"line":51,"column":8},"end":{"line":53,"column":21}},"10":{"start":{"line":55,"column":8},"end":{"line":57,"column":45}},"11":{"start":{"line":59,"column":8},"end":{"line":59,"column":35}},"12":{"start":{"line":61,"column":4},"end":{"line":325,"column":5}},"13":{"start":{"line":69,"column":8},"end":{"line":121,"column":10},"skip":true},"14":{"start":{"line":70,"column":12},"end":{"line":88,"column":13},"skip":true},"15":{"start":{"line":76,"column":16},"end":{"line":87,"column":19},"skip":true},"16":{"start":{"line":79,"column":20},"end":{"line":86,"column":21},"skip":true},"17":{"start":{"line":82,"column":24},"end":{"line":82,"column":43},"skip":true},"18":{"start":{"line":83,"column":24},"end":{"line":83,"column":30},"skip":true},"19":{"start":{"line":85,"column":24},"end":{"line":85,"column":49},"skip":true},"20":{"start":{"line":89,"column":12},"end":{"line":107,"column":13},"skip":true},"21":{"start":{"line":92,"column":16},"end":{"line":102,"column":17},"skip":true},"22":{"start":{"line":93,"column":20},"end":{"line":93,"column":86},"skip":true},"23":{"start":{"line":94,"column":20},"end":{"line":95,"column":45},"skip":true},"24":{"start":{"line":96,"column":20},"end":{"line":96,"column":42},"skip":true},"25":{"start":{"line":97,"column":20},"end":{"line":97,"column":48},"skip":true},"26":{"start":{"line":100,"column":20},"end":{"line":100,"column":85},"skip":true},"27":{"start":{"line":101,"column":20},"end":{"line":101,"column":96},"skip":true},"28":{"start":{"line":103,"column":16},"end":{"line":103,"column":22},"skip":true},"29":{"start":{"line":106,"column":16},"end":{"line":106,"column":22},"skip":true},"30":{"start":{"line":108,"column":12},"end":{"line":120,"column":13},"skip":true},"31":{"start":{"line":114,"column":16},"end":{"line":119,"column":17},"skip":true},"32":{"start":{"line":116,"column":20},"end":{"line":116,"column":78},"skip":true},"33":{"start":{"line":118,"column":20},"end":{"line":118,"column":47},"skip":true},"34":{"start":{"line":123,"column":8},"end":{"line":141,"column":11},"skip":true},"35":{"start":{"line":124,"column":12},"end":{"line":124,"column":54},"skip":true},"36":{"start":{"line":125,"column":12},"end":{"line":140,"column":14},"skip":true},"37":{"start":{"line":126,"column":16},"end":{"line":126,"column":28},"skip":true},"38":{"start":{"line":127,"column":16},"end":{"line":127,"column":69},"skip":true},"39":{"start":{"line":128,"column":16},"end":{"line":128,"column":75},"skip":true},"40":{"start":{"line":129,"column":16},"end":{"line":131,"column":17},"skip":true},"41":{"start":{"line":130,"column":20},"end":{"line":130,"column":27},"skip":true},"42":{"start":{"line":133,"column":16},"end":{"line":137,"column":36},"skip":true},"43":{"start":{"line":134,"column":20},"end":{"line":136,"column":55},"skip":true},"44":{"start":{"line":139,"column":16},"end":{"line":139,"column":57},"skip":true},"45":{"start":{"line":143,"column":8},"end":{"line":147,"column":11},"skip":true},"46":{"start":{"line":144,"column":12},"end":{"line":146,"column":15},"skip":true},"47":{"start":{"line":145,"column":16},"end":{"line":145,"column":70},"skip":true},"48":{"start":{"line":149,"column":8},"end":{"line":149,"column":31},"skip":true},"49":{"start":{"line":150,"column":8},"end":{"line":150,"column":14},"skip":true},"50":{"start":{"line":158,"column":8},"end":{"line":158,"column":31},"skip":true},"51":{"start":{"line":160,"column":8},"end":{"line":160,"column":33},"skip":true},"52":{"start":{"line":161,"column":8},"end":{"line":161,"column":37},"skip":true},"53":{"start":{"line":162,"column":8},"end":{"line":162,"column":35},"skip":true},"54":{"start":{"line":164,"column":8},"end":{"line":164,"column":50},"skip":true},"55":{"start":{"line":166,"column":8},"end":{"line":256,"column":2},"skip":true},"56":{"start":{"line":258,"column":8},"end":{"line":286,"column":9},"skip":true},"57":{"start":{"line":259,"column":12},"end":{"line":269,"column":14},"skip":true},"58":{"start":{"line":271,"column":12},"end":{"line":285,"column":19},"skip":true},"59":{"start":{"line":274,"column":20},"end":{"line":274,"column":35},"skip":true},"60":{"start":{"line":275,"column":20},"end":{"line":284,"column":21},"skip":true},"61":{"start":{"line":277,"column":24},"end":{"line":277,"column":64},"skip":true},"62":{"start":{"line":279,"column":24},"end":{"line":279,"column":40},"skip":true},"63":{"start":{"line":281,"column":24},"end":{"line":281,"column":40},"skip":true},"64":{"start":{"line":283,"column":24},"end":{"line":283,"column":39},"skip":true},"65":{"start":{"line":288,"column":8},"end":{"line":290,"column":9},"skip":true},"66":{"start":{"line":289,"column":12},"end":{"line":289,"column":18},"skip":true},"67":{"start":{"line":291,"column":8},"end":{"line":293,"column":54},"skip":true},"68":{"start":{"line":296,"column":8},"end":{"line":301,"column":37},"skip":true},"69":{"start":{"line":303,"column":8},"end":{"line":303,"column":82},"skip":true},"70":{"start":{"line":306,"column":8},"end":{"line":308,"column":9},"skip":true},"71":{"start":{"line":307,"column":12},"end":{"line":307,"column":82},"skip":true},"72":{"start":{"line":310,"column":8},"end":{"line":312,"column":9},"skip":true},"73":{"start":{"line":311,"column":12},"end":{"line":311,"column":18},"skip":true},"74":{"start":{"line":313,"column":8},"end":{"line":313,"column":54},"skip":true},"75":{"start":{"line":314,"column":8},"end":{"line":314,"column":69},"skip":true},"76":{"start":{"line":315,"column":8},"end":{"line":323,"column":36},"skip":true},"77":{"start":{"line":316,"column":12},"end":{"line":316,"column":61},"skip":true},"78":{"start":{"line":317,"column":12},"end":{"line":320,"column":13},"skip":true},"79":{"start":{"line":318,"column":16},"end":{"line":318,"column":75},"skip":true},"80":{"start":{"line":319,"column":16},"end":{"line":319,"column":23},"skip":true},"81":{"start":{"line":321,"column":12},"end":{"line":321,"column":38},"skip":true},"82":{"start":{"line":322,"column":12},"end":{"line":322,"column":27},"skip":true},"83":{"start":{"line":324,"column":8},"end":{"line":324,"column":14},"skip":true}},"branchMap":{"1":{"line":39,"type":"binary-expr","locations":[{"start":{"line":39,"column":23},"end":{"line":39,"column":62}},{"start":{"line":40,"column":20},"end":{"line":40,"column":70}},{"start":{"line":41,"column":20},"end":{"line":41,"column":71}},{"start":{"line":42,"column":20},"end":{"line":42,"column":29}}]},"2":{"line":44,"type":"binary-expr","locations":[{"start":{"line":44,"column":23},"end":{"line":44,"column":37}},{"start":{"line":45,"column":20},"end":{"line":45,"column":61}},{"start":{"line":46,"column":20},"end":{"line":46,"column":70}},{"start":{"line":47,"column":20},"end":{"line":47,"column":26}}]},"3":{"line":51,"type":"cond-expr","locations":[{"start":{"line":52,"column":14},"end":{"line":52,"column":20}},{"start":{"line":53,"column":14},"end":{"line":53,"column":20}}]},"4":{"line":55,"type":"binary-expr","locations":[{"start":{"line":55,"column":16},"end":{"line":55,"column":44}},{"start":{"line":55,"column":49},"end":{"line":57,"column":43}}]},"5":{"line":55,"type":"cond-expr","locations":[{"start":{"line":56,"column":14},"end":{"line":56,"column":55}},{"start":{"line":57,"column":14},"end":{"line":57,"column":43}}]},"6":{"line":61,"type":"switch","locations":[{"start":{"line":68,"column":4},"end":{"line":150,"column":14},"skip":true},{"start":{"line":156,"column":4},"end":{"line":324,"column":14},"skip":true}]},"7":{"line":70,"type":"if","locations":[{"start":{"line":70,"column":12},"end":{"line":70,"column":12},"skip":true},{"start":{"line":70,"column":12},"end":{"line":70,"column":12},"skip":true}]},"8":{"line":70,"type":"binary-expr","locations":[{"start":{"line":70,"column":16},"end":{"line":70,"column":22},"skip":true},{"start":{"line":70,"column":27},"end":{"line":70,"column":32},"skip":true},{"start":{"line":71,"column":20},"end":{"line":71,"column":39},"skip":true},{"start":{"line":72,"column":20},"end":{"line":72,"column":49},"skip":true},{"start":{"line":73,"column":20},"end":{"line":73,"column":58},"skip":true},{"start":{"line":74,"column":20},"end":{"line":74,"column":69},"skip":true}]},"9":{"line":79,"type":"switch","locations":[{"start":{"line":80,"column":20},"end":{"line":80,"column":33},"skip":true},{"start":{"line":81,"column":20},"end":{"line":83,"column":30},"skip":true},{"start":{"line":84,"column":20},"end":{"line":85,"column":49},"skip":true}]},"10":{"line":89,"type":"switch","locations":[{"start":{"line":90,"column":12},"end":{"line":103,"column":22},"skip":true},{"start":{"line":105,"column":12},"end":{"line":106,"column":22},"skip":true}]},"11":{"line":89,"type":"binary-expr","locations":[{"start":{"line":89,"column":20},"end":{"line":89,"column":25},"skip":true},{"start":{"line":89,"column":29},"end":{"line":89,"column":48},"skip":true},{"start":{"line":89,"column":52},"end":{"line":89,"column":74},"skip":true}]},"12":{"line":92,"type":"if","locations":[{"start":{"line":92,"column":16},"end":{"line":92,"column":16},"skip":true},{"start":{"line":92,"column":16},"end":{"line":92,"column":16},"skip":true}]},"13":{"line":108,"type":"if","locations":[{"start":{"line":108,"column":12},"end":{"line":108,"column":12},"skip":true},{"start":{"line":108,"column":12},"end":{"line":108,"column":12},"skip":true}]},"14":{"line":108,"type":"binary-expr","locations":[{"start":{"line":108,"column":16},"end":{"line":108,"column":61},"skip":true},{"start":{"line":108,"column":66},"end":{"line":108,"column":72},"skip":true},{"start":{"line":108,"column":77},"end":{"line":108,"column":82},"skip":true},{"start":{"line":109,"column":20},"end":{"line":109,"column":39},"skip":true},{"start":{"line":110,"column":20},"end":{"line":110,"column":49},"skip":true},{"start":{"line":111,"column":20},"end":{"line":111,"column":58},"skip":true},{"start":{"line":112,"column":20},"end":{"line":112,"column":68},"skip":true}]},"15":{"line":129,"type":"if","locations":[{"start":{"line":129,"column":16},"end":{"line":129,"column":16},"skip":true},{"start":{"line":129,"column":16},"end":{"line":129,"column":16},"skip":true}]},"16":{"line":134,"type":"cond-expr","locations":[{"start":{"line":135,"column":26},"end":{"line":135,"column":29},"skip":true},{"start":{"line":136,"column":26},"end":{"line":136,"column":54},"skip":true}]},"17":{"line":164,"type":"binary-expr","locations":[{"start":{"line":164,"column":27},"end":{"line":164,"column":43},"skip":true},{"start":{"line":164,"column":47},"end":{"line":164,"column":49},"skip":true}]},"18":{"line":258,"type":"if","locations":[{"start":{"line":258,"column":8},"end":{"line":258,"column":8},"skip":true},{"start":{"line":258,"column":8},"end":{"line":258,"column":8},"skip":true}]},"19":{"line":275,"type":"switch","locations":[{"start":{"line":276,"column":20},"end":{"line":277,"column":64},"skip":true},{"start":{"line":278,"column":20},"end":{"line":279,"column":40},"skip":true},{"start":{"line":280,"column":20},"end":{"line":281,"column":40},"skip":true},{"start":{"line":282,"column":20},"end":{"line":283,"column":39},"skip":true}]},"20":{"line":288,"type":"if","locations":[{"start":{"line":288,"column":8},"end":{"line":288,"column":8},"skip":true},{"start":{"line":288,"column":8},"end":{"line":288,"column":8},"skip":true}]},"21":{"line":288,"type":"binary-expr","locations":[{"start":{"line":288,"column":12},"end":{"line":288,"column":40},"skip":true},{"start":{"line":288,"column":44},"end":{"line":288,"column":67},"skip":true}]},"22":{"line":292,"type":"binary-expr","locations":[{"start":{"line":292,"column":12},"end":{"line":292,"column":50},"skip":true},{"start":{"line":293,"column":12},"end":{"line":293,"column":53},"skip":true}]},"23":{"line":297,"type":"binary-expr","locations":[{"start":{"line":297,"column":12},"end":{"line":297,"column":69},"skip":true},{"start":{"line":298,"column":12},"end":{"line":301,"column":36},"skip":true}]},"24":{"line":303,"type":"binary-expr","locations":[{"start":{"line":303,"column":43},"end":{"line":303,"column":75},"skip":true},{"start":{"line":303,"column":79},"end":{"line":303,"column":81},"skip":true}]},"25":{"line":306,"type":"if","locations":[{"start":{"line":306,"column":8},"end":{"line":306,"column":8},"skip":true},{"start":{"line":306,"column":8},"end":{"line":306,"column":8},"skip":true}]},"26":{"line":310,"type":"if","locations":[{"start":{"line":310,"column":8},"end":{"line":310,"column":8},"skip":true},{"start":{"line":310,"column":8},"end":{"line":310,"column":8},"skip":true}]},"27":{"line":313,"type":"binary-expr","locations":[{"start":{"line":313,"column":27},"end":{"line":313,"column":43},"skip":true},{"start":{"line":313,"column":47},"end":{"line":313,"column":53},"skip":true}]},"28":{"line":317,"type":"if","locations":[{"start":{"line":317,"column":12},"end":{"line":317,"column":12},"skip":true},{"start":{"line":317,"column":12},"end":{"line":317,"column":12},"skip":true}]}},"code":["/*","example.js","","quickstart example","","instruction","    1. save this script as example.js","    2. run the shell command:","        $ npm install npmtest-solr-client && PORT=8081 node example.js","    3. play with the browser-demo on http://127.0.0.1:8081","*/","","","","/* istanbul instrument in package npmtest_solr_client */","/*jslint","    bitwise: true,","    browser: true,","    maxerr: 8,","    maxlen: 96,","    node: true,","    nomen: true,","    regexp: true,","    stupid: true","*/","(function () {","    'use strict';","    var local;","","","","    // run shared js-env code - pre-init","    (function () {","        // init local","        local = {};","        // init modeJs","        local.modeJs = (function () {","            try {","                return typeof navigator.userAgent === 'string' &&","                    typeof document.querySelector('body') === 'object' &&","                    typeof XMLHttpRequest.prototype.open === 'function' &&","                    'browser';","            } catch (errorCaughtBrowser) {","                return module.exports &&","                    typeof process.versions.node === 'string' &&","                    typeof require('http').createServer === 'function' &&","                    'node';","            }","        }());","        // init global","        local.global = local.modeJs === 'browser'","            ? window","            : global;","        // init utility2_rollup","        local = local.global.utility2_rollup || (local.modeJs === 'browser'","            ? local.global.utility2_npmtest_solr_client","            : global.utility2_moduleExports);","        // export local","        local.global.local = local;","    }());","    switch (local.modeJs) {","","","","    // post-init","    // run browser js-env code - post-init","    /* istanbul ignore next */","    case 'browser':","        local.testRunBrowser = function (event) {","            if (!event || (event &&","                    event.currentTarget &&","                    event.currentTarget.className &&","                    event.currentTarget.className.includes &&","                    event.currentTarget.className.includes('onreset'))) {","                // reset output","                Array.from(","                    document.querySelectorAll('body > .resettable')","                ).forEach(function (element) {","                    switch (element.tagName) {","                    case 'INPUT':","                    case 'TEXTAREA':","                        element.value = '';","                        break;","                    default:","                        element.textContent = '';","                    }","                });","            }","            switch (event && event.currentTarget && event.currentTarget.id) {","            case 'testRunButton1':","                // show tests","                if (document.querySelector('#testReportDiv1').style.display === 'none') {","                    document.querySelector('#testReportDiv1').style.display = 'block';","                    document.querySelector('#testRunButton1').textContent =","                        'hide internal test';","                    local.modeTest = true;","                    local.testRunDefault(local);","                // hide tests","                } else {","                    document.querySelector('#testReportDiv1').style.display = 'none';","                    document.querySelector('#testRunButton1').textContent = 'run internal test';","                }","                break;","            // custom-case","            default:","                break;","            }","            if (document.querySelector('#inputTextareaEval1') && (!event || (event &&","                    event.currentTarget &&","                    event.currentTarget.className &&","                    event.currentTarget.className.includes &&","                    event.currentTarget.className.includes('oneval')))) {","                // try to eval input-code","                try {","                    /*jslint evil: true*/","                    eval(document.querySelector('#inputTextareaEval1').value);","                } catch (errorCaught) {","                    console.error(errorCaught);","                }","            }","        };","        // log stderr and stdout to #outputTextareaStdout1","        ['error', 'log'].forEach(function (key) {","            console[key + '_original'] = console[key];","            console[key] = function () {","                var element;","                console[key + '_original'].apply(console, arguments);","                element = document.querySelector('#outputTextareaStdout1');","                if (!element) {","                    return;","                }","                // append text to #outputTextareaStdout1","                element.value += Array.from(arguments).map(function (arg) {","                    return typeof arg === 'string'","                        ? arg","                        : JSON.stringify(arg, null, 4);","                }).join(' ') + '\\n';","                // scroll textarea to bottom","                element.scrollTop = element.scrollHeight;","            };","        });","        // init event-handling","        ['change', 'click', 'keyup'].forEach(function (event) {","            Array.from(document.querySelectorAll('.on' + event)).forEach(function (element) {","                element.addEventListener(event, local.testRunBrowser);","            });","        });","        // run tests","        local.testRunBrowser();","        break;","","","","    // run node js-env code - post-init","    /* istanbul ignore next */","    case 'node':","        // export local","        module.exports = local;","        // require modules","        local.fs = require('fs');","        local.http = require('http');","        local.url = require('url');","        // init assets","        local.assetsDict = local.assetsDict || {};","        /* jslint-ignore-begin */","        local.assetsDict['/assets.index.template.html'] = '\\","<!doctype html>\\n\\","<html lang=\"en\">\\n\\","<head>\\n\\","<meta charset=\"UTF-8\">\\n\\","<meta name=\"viewport\" content=\"width=device-width, initial-scale=1\">\\n\\","<title>{{env.npm_package_name}} (v{{env.npm_package_version}})</title>\\n\\","<style>\\n\\","/*csslint\\n\\","    box-sizing: false,\\n\\","    universal-selector: false\\n\\","*/\\n\\","* {\\n\\","    box-sizing: border-box;\\n\\","}\\n\\","body {\\n\\","    background: #dde;\\n\\","    font-family: Arial, Helvetica, sans-serif;\\n\\","    margin: 2rem;\\n\\","}\\n\\","body > * {\\n\\","    margin-bottom: 1rem;\\n\\","}\\n\\",".utility2FooterDiv {\\n\\","    margin-top: 20px;\\n\\","    text-align: center;\\n\\","}\\n\\","</style>\\n\\","<style>\\n\\","/*csslint\\n\\","*/\\n\\","textarea {\\n\\","    font-family: monospace;\\n\\","    height: 10rem;\\n\\","    width: 100%;\\n\\","}\\n\\","textarea[readonly] {\\n\\","    background: #ddd;\\n\\","}\\n\\","</style>\\n\\","</head>\\n\\","<body>\\n\\","<!-- utility2-comment\\n\\","<div id=\"ajaxProgressDiv1\" style=\"background: #d00; height: 2px; left: 0; margin: 0; padding: 0; position: fixed; top: 0; transition: background 0.5s, width 1.5s; width: 25%;\"></div>\\n\\","utility2-comment -->\\n\\","<h1>\\n\\","<!-- utility2-comment\\n\\","    <a\\n\\","        {{#if env.npm_package_homepage}}\\n\\","        href=\"{{env.npm_package_homepage}}\"\\n\\","        {{/if env.npm_package_homepage}}\\n\\","        target=\"_blank\"\\n\\","    >\\n\\","utility2-comment -->\\n\\","        {{env.npm_package_name}} (v{{env.npm_package_version}})\\n\\","<!-- utility2-comment\\n\\","    </a>\\n\\","utility2-comment -->\\n\\","</h1>\\n\\","<h3>{{env.npm_package_description}}</h3>\\n\\","<!-- utility2-comment\\n\\","<h4><a download href=\"assets.app.js\">download standalone app</a></h4>\\n\\","<button class=\"onclick onreset\" id=\"testRunButton1\">run internal test</button><br>\\n\\","<div id=\"testReportDiv1\" style=\"display: none;\"></div>\\n\\","utility2-comment -->\\n\\","\\n\\","\\n\\","\\n\\","<label>stderr and stdout</label>\\n\\","<textarea class=\"resettable\" id=\"outputTextareaStdout1\" readonly></textarea>\\n\\","<!-- utility2-comment\\n\\","{{#if isRollup}}\\n\\","<script src=\"assets.app.js\"></script>\\n\\","{{#unless isRollup}}\\n\\","utility2-comment -->\\n\\","<script src=\"assets.utility2.rollup.js\"></script>\\n\\","<script src=\"jsonp.utility2._stateInit?callback=window.utility2._stateInit\"></script>\\n\\","<script src=\"assets.npmtest_solr_client.rollup.js\"></script>\\n\\","<script src=\"assets.example.js\"></script>\\n\\","<script src=\"assets.test.js\"></script>\\n\\","<!-- utility2-comment\\n\\","{{/if isRollup}}\\n\\","utility2-comment -->\\n\\","<div class=\"utility2FooterDiv\">\\n\\","    [ this app was created with\\n\\","    <a href=\"https://github.com/kaizhu256/node-utility2\" target=\"_blank\">utility2</a>\\n\\","    ]\\n\\","</div>\\n\\","</body>\\n\\","</html>\\n\\","';","        /* jslint-ignore-end */","        if (local.templateRender) {","            local.assetsDict['/'] = local.templateRender(","                local.assetsDict['/assets.index.template.html'],","                {","                    env: local.objectSetDefault(local.env, {","                        npm_package_description: 'the greatest app in the world!',","                        npm_package_name: 'my-app',","                        npm_package_nameAlias: 'my_app',","                        npm_package_version: '0.0.1'","                    })","                }","            );","        } else {","            local.assetsDict['/'] = local.assetsDict['/assets.index.template.html']","                .replace((/\\{\\{env\\.(\\w+?)\\}\\}/g), function (match0, match1) {","                    // jslint-hack","                    String(match0);","                    switch (match1) {","                    case 'npm_package_description':","                        return 'the greatest app in the world!';","                    case 'npm_package_name':","                        return 'my-app';","                    case 'npm_package_nameAlias':","                        return 'my_app';","                    case 'npm_package_version':","                        return '0.0.1';","                    }","                });","        }","        // run the cli","        if (local.global.utility2_rollup || module !== require.main) {","            break;","        }","        local.assetsDict['/assets.example.js'] =","            local.assetsDict['/assets.example.js'] ||","            local.fs.readFileSync(__filename, 'utf8');","        // bug-workaround - long $npm_package_buildCustomOrg","        /* jslint-ignore-begin */","        local.assetsDict['/assets.npmtest_solr_client.rollup.js'] =","            local.assetsDict['/assets.npmtest_solr_client.rollup.js'] ||","            local.fs.readFileSync(","                local.npmtest_solr_client.__dirname + '/lib.npmtest_solr_client.js',","                'utf8'","            ).replace((/^#!/), '//');","        /* jslint-ignore-end */","        local.assetsDict['/favicon.ico'] = local.assetsDict['/favicon.ico'] || '';","        // if $npm_config_timeout_exit exists,","        // then exit this process after $npm_config_timeout_exit ms","        if (Number(process.env.npm_config_timeout_exit)) {","            setTimeout(process.exit, Number(process.env.npm_config_timeout_exit));","        }","        // start server","        if (local.global.utility2_serverHttp1) {","            break;","        }","        process.env.PORT = process.env.PORT || '8081';","        console.error('server starting on port ' + process.env.PORT);","        local.http.createServer(function (request, response) {","            request.urlParsed = local.url.parse(request.url);","            if (local.assetsDict[request.urlParsed.pathname] !== undefined) {","                response.end(local.assetsDict[request.urlParsed.pathname]);","                return;","            }","            response.statusCode = 404;","            response.end();","        }).listen(process.env.PORT);","        break;","    }","}());",""],"l":{"26":2,"28":2,"33":2,"35":2,"37":2,"38":2,"39":2,"44":1,"51":2,"55":2,"59":2,"61":2,"69":1,"70":2,"76":2,"79":2,"82":2,"83":2,"85":1,"89":2,"92":1,"93":1,"94":1,"96":1,"97":1,"100":1,"101":1,"103":1,"106":1,"108":2,"114":1,"116":1,"118":1,"123":1,"124":2,"125":2,"126":3,"127":3,"128":3,"129":3,"130":1,"133":3,"134":3,"139":3,"143":1,"144":3,"145":1,"149":1,"150":1,"158":1,"160":1,"161":1,"162":1,"164":1,"166":1,"258":1,"259":1,"271":1,"274":6,"275":6,"277":1,"279":2,"281":1,"283":2,"288":1,"289":1,"291":1,"296":1,"303":1,"306":1,"307":1,"310":1,"311":1,"313":1,"314":1,"315":1,"316":1,"317":1,"318":1,"319":1,"321":1,"322":1,"324":1}},"/home/travis/build/npmtest/node-npmtest-solr-client/node_modules/solr-client/main.js":{"path":"/home/travis/build/npmtest/node-npmtest-solr-client/node_modules/solr-client/main.js","s":{"1":1},"b":{},"f":{},"fnMap":{},"statementMap":{"1":{"start":{"line":8,"column":0},"end":{"line":8,"column":49}}},"branchMap":{},"code":["/*!"," * solr client"," * Copyright(c) 2011-2012 HipSnip Limited"," * Author Rémy Loubradou <remyloubradou@gmail.com>"," * MIT Licensed"," */","","module.exports = exports = require(\"./lib/solr\");","","",""],"l":{"8":1}},"/home/travis/build/npmtest/node-npmtest-solr-client/node_modules/solr-client/lib/solr.js":{"path":"/home/travis/build/npmtest/node-npmtest-solr-client/node_modules/solr-client/lib/solr.js","s":{"1":1,"2":1,"3":1,"4":0,"5":0,"6":1,"7":0,"8":0,"9":0,"10":0,"11":0,"12":0,"13":0,"14":0,"15":1,"16":0,"17":0,"18":0,"19":1,"20":0,"21":0,"22":0,"23":1,"24":0,"25":0,"26":0,"27":0,"28":0,"29":0,"30":1,"31":0,"32":0,"33":0,"34":0,"35":0,"36":0,"37":1,"38":0,"39":0,"40":0,"41":0,"42":0,"43":0,"44":0,"45":0,"46":0,"47":0,"48":1,"49":0,"50":0,"51":0,"52":0,"53":0,"54":0,"55":0,"56":0,"57":0,"58":0,"59":0,"60":0,"61":1,"62":0,"63":0,"64":0,"65":0,"66":0,"67":1,"68":0,"69":1,"70":0,"71":1,"72":0,"73":0,"74":0,"75":0,"76":0,"77":0,"78":1,"79":0,"80":0,"81":0,"82":0,"83":0,"84":0,"85":0,"86":1,"87":0,"88":0,"89":0,"90":0,"91":0,"92":1,"93":0,"94":0,"95":0,"96":0,"97":0,"98":1,"99":0,"100":1,"101":0,"102":0,"103":0,"104":0,"105":0,"106":1,"107":0,"108":0,"109":1,"110":0,"111":0,"112":0,"113":0,"114":0,"115":0,"116":0,"117":0,"118":1,"119":0,"120":1,"121":0,"122":1,"123":0,"124":1,"125":0,"126":1,"127":0,"128":0,"129":0,"130":0,"131":0,"132":0,"133":0,"134":0,"135":0,"136":0,"137":0,"138":0,"139":0,"140":0,"141":0,"142":0,"143":0,"144":0,"145":0,"146":0,"147":1,"148":0,"149":0,"150":0,"151":0,"152":0,"153":0,"154":0,"155":0,"156":0,"157":0,"158":0,"159":0,"160":0,"161":0,"162":0,"163":0,"164":0,"165":1,"166":0,"167":1,"168":0,"169":1,"170":0,"171":1,"172":1,"173":0,"174":1,"175":0,"176":1,"177":0,"178":1,"179":0,"180":0,"181":0,"182":0,"183":0,"184":0,"185":0,"186":0,"187":0,"188":0,"189":0,"190":0,"191":0,"192":0,"193":1,"194":0,"195":0,"196":0,"197":0,"198":0,"199":0,"200":0,"201":0,"202":0,"203":0,"204":0,"205":0,"206":0,"207":0,"208":1,"209":0,"210":0,"211":0,"212":0,"213":0,"214":0,"215":0,"216":0,"217":0,"218":0,"219":0,"220":0,"221":0,"222":1,"223":0,"224":0,"225":0,"226":0,"227":0,"228":0,"229":0,"230":0,"231":0,"232":0,"233":0,"234":0,"235":0,"236":0,"237":0,"238":0,"239":0},"b":{"1":[0,0],"2":[0,0],"3":[0,0],"4":[0,0],"5":[0,0],"6":[0,0],"7":[0,0],"8":[0,0],"9":[0,0],"10":[0,0],"11":[0,0],"12":[0,0],"13":[0,0],"14":[0,0],"15":[0,0],"16":[0,0],"17":[0,0],"18":[0,0],"19":[0,0],"20":[0,0],"21":[0,0],"22":[0,0],"23":[0,0],"24":[0,0],"25":[0,0],"26":[0,0],"27":[0,0],"28":[0,0],"29":[0,0],"30":[0,0],"31":[0,0],"32":[0,0],"33":[0,0],"34":[0,0],"35":[0,0],"36":[0,0],"37":[0,0],"38":[0,0],"39":[0,0],"40":[0,0],"41":[0,0],"42":[0,0],"43":[0,0],"44":[0,0],"45":[0,0],"46":[0,0],"47":[0,0],"48":[0,0],"49":[0,0],"50":[0,0],"51":[0,0],"52":[0,0],"53":[0,0],"54":[0,0],"55":[0,0],"56":[0,0],"57":[0,0],"58":[0,0],"59":[0,0]},"f":{"1":0,"2":0,"3":0,"4":0,"5":0,"6":0,"7":0,"8":0,"9":0,"10":0,"11":0,"12":0,"13":0,"14":0,"15":0,"16":0,"17":0,"18":0,"19":0,"20":0,"21":0,"22":0,"23":0,"24":0,"25":0,"26":0,"27":0,"28":0,"29":0,"30":0,"31":0,"32":0,"33":0,"34":0,"35":0,"36":0,"37":0,"38":0,"39":0,"40":0,"41":0,"42":0,"43":0,"44":0,"45":0},"fnMap":{"1":{"name":"createClient","line":49,"loc":{"start":{"line":49,"column":0},"end":{"line":49,"column":81}}},"2":{"name":"Client","line":81,"loc":{"start":{"line":81,"column":0},"end":{"line":81,"column":24}}},"3":{"name":"(anonymous_3)","line":114,"loc":{"start":{"line":114,"column":29},"end":{"line":114,"column":56}}},"4":{"name":"(anonymous_4)","line":127,"loc":{"start":{"line":127,"column":26},"end":{"line":127,"column":36}}},"5":{"name":"(anonymous_5)","line":146,"loc":{"start":{"line":146,"column":23},"end":{"line":146,"column":54}}},"6":{"name":"(anonymous_6)","line":170,"loc":{"start":{"line":170,"column":31},"end":{"line":170,"column":61}}},"7":{"name":"(anonymous_7)","line":197,"loc":{"start":{"line":197,"column":37},"end":{"line":197,"column":63}}},"8":{"name":"(anonymous_8)","line":222,"loc":{"start":{"line":222,"column":35},"end":{"line":222,"column":52}}},"9":{"name":"(anonymous_9)","line":224,"loc":{"start":{"line":224,"column":14},"end":{"line":224,"column":31}}},"10":{"name":"(anonymous_10)","line":260,"loc":{"start":{"line":260,"column":26},"end":{"line":260,"column":52}}},"11":{"name":"(anonymous_11)","line":282,"loc":{"start":{"line":282,"column":33},"end":{"line":282,"column":51}}},"12":{"name":"(anonymous_12)","line":297,"loc":{"start":{"line":297,"column":30},"end":{"line":297,"column":48}}},"13":{"name":"(anonymous_13)","line":315,"loc":{"start":{"line":315,"column":26},"end":{"line":315,"column":64}}},"14":{"name":"(anonymous_14)","line":343,"loc":{"start":{"line":343,"column":33},"end":{"line":343,"column":76}}},"15":{"name":"(anonymous_15)","line":368,"loc":{"start":{"line":368,"column":30},"end":{"line":368,"column":59}}},"16":{"name":"(anonymous_16)","line":394,"loc":{"start":{"line":394,"column":33},"end":{"line":394,"column":65}}},"17":{"name":"(anonymous_17)","line":420,"loc":{"start":{"line":420,"column":29},"end":{"line":420,"column":55}}},"18":{"name":"(anonymous_18)","line":436,"loc":{"start":{"line":436,"column":28},"end":{"line":436,"column":54}}},"19":{"name":"(anonymous_19)","line":458,"loc":{"start":{"line":458,"column":28},"end":{"line":458,"column":46}}},"20":{"name":"(anonymous_20)","line":478,"loc":{"start":{"line":478,"column":26},"end":{"line":478,"column":57}}},"21":{"name":"(anonymous_21)","line":486,"loc":{"start":{"line":486,"column":38},"end":{"line":486,"column":55}}},"22":{"name":"(anonymous_22)","line":516,"loc":{"start":{"line":516,"column":26},"end":{"line":516,"column":50}}},"23":{"name":"(anonymous_23)","line":532,"loc":{"start":{"line":532,"column":37},"end":{"line":532,"column":66}}},"24":{"name":"(anonymous_24)","line":547,"loc":{"start":{"line":547,"column":29},"end":{"line":547,"column":47}}},"25":{"name":"(anonymous_25)","line":565,"loc":{"start":{"line":565,"column":25},"end":{"line":565,"column":49}}},"26":{"name":"(anonymous_26)","line":582,"loc":{"start":{"line":582,"column":23},"end":{"line":582,"column":55}}},"27":{"name":"(anonymous_27)","line":602,"loc":{"start":{"line":602,"column":35},"end":{"line":602,"column":52}}},"28":{"name":"(anonymous_28)","line":638,"loc":{"start":{"line":638,"column":24},"end":{"line":638,"column":56}}},"29":{"name":"(anonymous_29)","line":659,"loc":{"start":{"line":659,"column":35},"end":{"line":659,"column":52}}},"30":{"name":"(anonymous_30)","line":683,"loc":{"start":{"line":683,"column":25},"end":{"line":683,"column":35}}},"31":{"name":"(anonymous_31)","line":695,"loc":{"start":{"line":695,"column":31},"end":{"line":695,"column":41}}},"32":{"name":"(anonymous_32)","line":706,"loc":{"start":{"line":706,"column":30},"end":{"line":706,"column":40}}},"33":{"name":"(anonymous_33)","line":727,"loc":{"start":{"line":727,"column":24},"end":{"line":727,"column":42}}},"34":{"name":"pickProtocol","line":739,"loc":{"start":{"line":739,"column":0},"end":{"line":739,"column":29}}},"35":{"name":"pickJSON","line":751,"loc":{"start":{"line":751,"column":0},"end":{"line":751,"column":25}}},"36":{"name":"postJSON","line":776,"loc":{"start":{"line":776,"column":0},"end":{"line":776,"column":34}}},"37":{"name":"onError","line":801,"loc":{"start":{"line":801,"column":22},"end":{"line":801,"column":43}}},"38":{"name":"postForm","line":832,"loc":{"start":{"line":832,"column":0},"end":{"line":832,"column":34}}},"39":{"name":"onError","line":857,"loc":{"start":{"line":857,"column":22},"end":{"line":857,"column":43}}},"40":{"name":"getJSON","line":887,"loc":{"start":{"line":887,"column":0},"end":{"line":887,"column":33}}},"41":{"name":"(anonymous_41)","line":913,"loc":{"start":{"line":913,"column":22},"end":{"line":913,"column":35}}},"42":{"name":"handleJSONResponse","line":929,"loc":{"start":{"line":929,"column":0},"end":{"line":929,"column":54}}},"43":{"name":"onJSONResponse","line":930,"loc":{"start":{"line":930,"column":10},"end":{"line":930,"column":43}}},"44":{"name":"(anonymous_44)","line":938,"loc":{"start":{"line":938,"column":25},"end":{"line":938,"column":40}}},"45":{"name":"(anonymous_45)","line":942,"loc":{"start":{"line":942,"column":24},"end":{"line":942,"column":34}}}},"statementMap":{"1":{"start":{"line":13,"column":0},"end":{"line":24,"column":45}},"2":{"start":{"line":30,"column":0},"end":{"line":30,"column":36}},"3":{"start":{"line":49,"column":0},"end":{"line":61,"column":1}},"4":{"start":{"line":50,"column":2},"end":{"line":59,"column":5}},"5":{"start":{"line":60,"column":2},"end":{"line":60,"column":29}},"6":{"start":{"line":81,"column":0},"end":{"line":102,"column":1}},"7":{"start":{"line":82,"column":3},"end":{"line":92,"column":5}},"8":{"start":{"line":95,"column":3},"end":{"line":95,"column":130}},"9":{"start":{"line":96,"column":3},"end":{"line":96,"column":34}},"10":{"start":{"line":97,"column":3},"end":{"line":97,"column":34}},"11":{"start":{"line":98,"column":3},"end":{"line":98,"column":50}},"12":{"start":{"line":99,"column":3},"end":{"line":99,"column":42}},"13":{"start":{"line":100,"column":3},"end":{"line":100,"column":38}},"14":{"start":{"line":101,"column":3},"end":{"line":101,"column":32}},"15":{"start":{"line":114,"column":0},"end":{"line":118,"column":1}},"16":{"start":{"line":115,"column":3},"end":{"line":115,"column":19}},"17":{"start":{"line":116,"column":3},"end":{"line":116,"column":100}},"18":{"start":{"line":117,"column":3},"end":{"line":117,"column":15}},"19":{"start":{"line":127,"column":0},"end":{"line":131,"column":1}},"20":{"start":{"line":128,"column":3},"end":{"line":128,"column":19}},"21":{"start":{"line":129,"column":3},"end":{"line":129,"column":37}},"22":{"start":{"line":130,"column":3},"end":{"line":130,"column":15}},"23":{"start":{"line":146,"column":0},"end":{"line":154,"column":1}},"24":{"start":{"line":147,"column":3},"end":{"line":150,"column":4}},"25":{"start":{"line":148,"column":6},"end":{"line":148,"column":25}},"26":{"start":{"line":149,"column":6},"end":{"line":149,"column":19}},"27":{"start":{"line":151,"column":3},"end":{"line":151,"column":34}},"28":{"start":{"line":152,"column":3},"end":{"line":152,"column":46}},"29":{"start":{"line":153,"column":3},"end":{"line":153,"column":45}},"30":{"start":{"line":170,"column":0},"end":{"line":179,"column":1}},"31":{"start":{"line":171,"column":3},"end":{"line":174,"column":4}},"32":{"start":{"line":172,"column":6},"end":{"line":172,"column":23}},"33":{"start":{"line":173,"column":6},"end":{"line":173,"column":17}},"34":{"start":{"line":175,"column":3},"end":{"line":175,"column":42}},"35":{"start":{"line":176,"column":3},"end":{"line":176,"column":29}},"36":{"start":{"line":178,"column":3},"end":{"line":178,"column":62}},"37":{"start":{"line":197,"column":0},"end":{"line":211,"column":1}},"38":{"start":{"line":198,"column":3},"end":{"line":198,"column":49}},"39":{"start":{"line":199,"column":3},"end":{"line":199,"column":75}},"40":{"start":{"line":200,"column":3},"end":{"line":200,"column":109}},"41":{"start":{"line":201,"column":3},"end":{"line":201,"column":96}},"42":{"start":{"line":202,"column":3},"end":{"line":206,"column":4}},"43":{"start":{"line":203,"column":6},"end":{"line":203,"column":54}},"44":{"start":{"line":205,"column":6},"end":{"line":205,"column":55}},"45":{"start":{"line":208,"column":3},"end":{"line":208,"column":74}},"46":{"start":{"line":209,"column":3},"end":{"line":209,"column":57}},"47":{"start":{"line":210,"column":3},"end":{"line":210,"column":43}},"48":{"start":{"line":222,"column":0},"end":{"line":246,"column":1}},"49":{"start":{"line":223,"column":3},"end":{"line":227,"column":17}},"50":{"start":{"line":225,"column":9},"end":{"line":225,"column":24}},"51":{"start":{"line":228,"column":3},"end":{"line":231,"column":5}},"52":{"start":{"line":232,"column":3},"end":{"line":234,"column":4}},"53":{"start":{"line":233,"column":6},"end":{"line":233,"column":60}},"54":{"start":{"line":235,"column":3},"end":{"line":235,"column":57}},"55":{"start":{"line":236,"column":3},"end":{"line":240,"column":5}},"56":{"start":{"line":241,"column":3},"end":{"line":241,"column":52}},"57":{"start":{"line":242,"column":3},"end":{"line":242,"column":45}},"58":{"start":{"line":243,"column":3},"end":{"line":243,"column":41}},"59":{"start":{"line":244,"column":3},"end":{"line":244,"column":58}},"60":{"start":{"line":245,"column":3},"end":{"line":245,"column":18}},"61":{"start":{"line":260,"column":0},"end":{"line":269,"column":1}},"62":{"start":{"line":261,"column":3},"end":{"line":264,"column":4}},"63":{"start":{"line":262,"column":6},"end":{"line":262,"column":25}},"64":{"start":{"line":263,"column":6},"end":{"line":263,"column":19}},"65":{"start":{"line":265,"column":3},"end":{"line":267,"column":5}},"66":{"start":{"line":268,"column":3},"end":{"line":268,"column":37}},"67":{"start":{"line":282,"column":0},"end":{"line":284,"column":1}},"68":{"start":{"line":283,"column":3},"end":{"line":283,"column":59}},"69":{"start":{"line":297,"column":0},"end":{"line":299,"column":1}},"70":{"start":{"line":298,"column":3},"end":{"line":298,"column":56}},"71":{"start":{"line":315,"column":0},"end":{"line":327,"column":1}},"72":{"start":{"line":316,"column":3},"end":{"line":319,"column":4}},"73":{"start":{"line":317,"column":6},"end":{"line":317,"column":25}},"74":{"start":{"line":318,"column":6},"end":{"line":318,"column":19}},"75":{"start":{"line":320,"column":3},"end":{"line":320,"column":34}},"76":{"start":{"line":321,"column":3},"end":{"line":325,"column":5}},"77":{"start":{"line":326,"column":3},"end":{"line":326,"column":45}},"78":{"start":{"line":343,"column":0},"end":{"line":353,"column":1}},"79":{"start":{"line":344,"column":3},"end":{"line":347,"column":4}},"80":{"start":{"line":345,"column":6},"end":{"line":345,"column":25}},"81":{"start":{"line":346,"column":6},"end":{"line":346,"column":19}},"82":{"start":{"line":348,"column":3},"end":{"line":348,"column":36}},"83":{"start":{"line":349,"column":3},"end":{"line":349,"column":34}},"84":{"start":{"line":351,"column":3},"end":{"line":351,"column":58}},"85":{"start":{"line":352,"column":3},"end":{"line":352,"column":53}},"86":{"start":{"line":368,"column":0},"end":{"line":379,"column":1}},"87":{"start":{"line":369,"column":3},"end":{"line":372,"column":4}},"88":{"start":{"line":370,"column":6},"end":{"line":370,"column":25}},"89":{"start":{"line":371,"column":6},"end":{"line":371,"column":19}},"90":{"start":{"line":373,"column":3},"end":{"line":377,"column":5}},"91":{"start":{"line":378,"column":3},"end":{"line":378,"column":45}},"92":{"start":{"line":394,"column":0},"end":{"line":405,"column":1}},"93":{"start":{"line":395,"column":3},"end":{"line":398,"column":4}},"94":{"start":{"line":396,"column":6},"end":{"line":396,"column":25}},"95":{"start":{"line":397,"column":6},"end":{"line":397,"column":19}},"96":{"start":{"line":399,"column":3},"end":{"line":403,"column":5}},"97":{"start":{"line":404,"column":3},"end":{"line":404,"column":45}},"98":{"start":{"line":420,"column":0},"end":{"line":422,"column":1}},"99":{"start":{"line":421,"column":3},"end":{"line":421,"column":53}},"100":{"start":{"line":436,"column":0},"end":{"line":445,"column":1}},"101":{"start":{"line":437,"column":3},"end":{"line":440,"column":4}},"102":{"start":{"line":438,"column":6},"end":{"line":438,"column":25}},"103":{"start":{"line":439,"column":6},"end":{"line":439,"column":19}},"104":{"start":{"line":441,"column":3},"end":{"line":443,"column":5}},"105":{"start":{"line":444,"column":3},"end":{"line":444,"column":37}},"106":{"start":{"line":458,"column":0},"end":{"line":463,"column":1}},"107":{"start":{"line":459,"column":3},"end":{"line":461,"column":5}},"108":{"start":{"line":462,"column":3},"end":{"line":462,"column":37}},"109":{"start":{"line":478,"column":0},"end":{"line":502,"column":1}},"110":{"start":{"line":479,"column":3},"end":{"line":482,"column":4}},"111":{"start":{"line":480,"column":6},"end":{"line":480,"column":25}},"112":{"start":{"line":481,"column":6},"end":{"line":481,"column":19}},"113":{"start":{"line":484,"column":3},"end":{"line":484,"column":60}},"114":{"start":{"line":485,"column":3},"end":{"line":489,"column":41}},"115":{"start":{"line":487,"column":33},"end":{"line":487,"column":48}},"116":{"start":{"line":491,"column":3},"end":{"line":500,"column":5}},"117":{"start":{"line":501,"column":3},"end":{"line":501,"column":36}},"118":{"start":{"line":516,"column":0},"end":{"line":518,"column":1}},"119":{"start":{"line":517,"column":3},"end":{"line":517,"column":57}},"120":{"start":{"line":532,"column":0},"end":{"line":534,"column":1}},"121":{"start":{"line":533,"column":3},"end":{"line":533,"column":67}},"122":{"start":{"line":547,"column":0},"end":{"line":549,"column":1}},"123":{"start":{"line":548,"column":3},"end":{"line":548,"column":39}},"124":{"start":{"line":565,"column":0},"end":{"line":567,"column":1}},"125":{"start":{"line":566,"column":3},"end":{"line":566,"column":56}},"126":{"start":{"line":582,"column":0},"end":{"line":624,"column":1}},"127":{"start":{"line":584,"column":3},"end":{"line":584,"column":23}},"128":{"start":{"line":585,"column":3},"end":{"line":593,"column":4}},"129":{"start":{"line":586,"column":6},"end":{"line":586,"column":23}},"130":{"start":{"line":587,"column":9},"end":{"line":593,"column":4}},"131":{"start":{"line":588,"column":6},"end":{"line":588,"column":34}},"132":{"start":{"line":589,"column":9},"end":{"line":593,"column":4}},"133":{"start":{"line":590,"column":6},"end":{"line":590,"column":49}},"134":{"start":{"line":591,"column":9},"end":{"line":593,"column":4}},"135":{"start":{"line":592,"column":6},"end":{"line":592,"column":26}},"136":{"start":{"line":594,"column":3},"end":{"line":594,"column":17}},"137":{"start":{"line":596,"column":3},"end":{"line":600,"column":4}},"138":{"start":{"line":597,"column":6},"end":{"line":597,"column":96}},"139":{"start":{"line":599,"column":6},"end":{"line":599,"column":78}},"140":{"start":{"line":602,"column":3},"end":{"line":604,"column":27}},"141":{"start":{"line":603,"column":17},"end":{"line":603,"column":32}},"142":{"start":{"line":606,"column":3},"end":{"line":606,"column":129}},"143":{"start":{"line":608,"column":3},"end":{"line":623,"column":4}},"144":{"start":{"line":609,"column":6},"end":{"line":617,"column":8}},"145":{"start":{"line":618,"column":6},"end":{"line":618,"column":39}},"146":{"start":{"line":622,"column":6},"end":{"line":622,"column":49}},"147":{"start":{"line":638,"column":0},"end":{"line":674,"column":1}},"148":{"start":{"line":640,"column":3},"end":{"line":640,"column":23}},"149":{"start":{"line":641,"column":3},"end":{"line":649,"column":4}},"150":{"start":{"line":642,"column":6},"end":{"line":642,"column":23}},"151":{"start":{"line":643,"column":9},"end":{"line":649,"column":4}},"152":{"start":{"line":644,"column":6},"end":{"line":644,"column":34}},"153":{"start":{"line":645,"column":9},"end":{"line":649,"column":4}},"154":{"start":{"line":646,"column":6},"end":{"line":646,"column":49}},"155":{"start":{"line":647,"column":9},"end":{"line":649,"column":4}},"156":{"start":{"line":648,"column":6},"end":{"line":648,"column":26}},"157":{"start":{"line":651,"column":3},"end":{"line":651,"column":17}},"158":{"start":{"line":653,"column":3},"end":{"line":657,"column":4}},"159":{"start":{"line":654,"column":6},"end":{"line":654,"column":96}},"160":{"start":{"line":656,"column":6},"end":{"line":656,"column":78}},"161":{"start":{"line":659,"column":3},"end":{"line":661,"column":27}},"162":{"start":{"line":660,"column":17},"end":{"line":660,"column":32}},"163":{"start":{"line":663,"column":3},"end":{"line":672,"column":5}},"164":{"start":{"line":673,"column":3},"end":{"line":673,"column":36}},"165":{"start":{"line":683,"column":0},"end":{"line":685,"column":1}},"166":{"start":{"line":684,"column":3},"end":{"line":684,"column":34}},"167":{"start":{"line":695,"column":0},"end":{"line":697,"column":1}},"168":{"start":{"line":696,"column":3},"end":{"line":696,"column":34}},"169":{"start":{"line":706,"column":0},"end":{"line":708,"column":1}},"170":{"start":{"line":707,"column":3},"end":{"line":707,"column":27}},"171":{"start":{"line":714,"column":0},"end":{"line":714,"column":64}},"172":{"start":{"line":727,"column":0},"end":{"line":729,"column":1}},"173":{"start":{"line":728,"column":3},"end":{"line":728,"column":54}},"174":{"start":{"line":739,"column":0},"end":{"line":741,"column":1}},"175":{"start":{"line":740,"column":3},"end":{"line":740,"column":32}},"176":{"start":{"line":751,"column":0},"end":{"line":753,"column":1}},"177":{"start":{"line":752,"column":3},"end":{"line":752,"column":34}},"178":{"start":{"line":776,"column":0},"end":{"line":809,"column":1}},"179":{"start":{"line":777,"column":3},"end":{"line":781,"column":5}},"180":{"start":{"line":782,"column":3},"end":{"line":784,"column":4}},"181":{"start":{"line":783,"column":6},"end":{"line":783,"column":54}},"182":{"start":{"line":785,"column":3},"end":{"line":791,"column":5}},"183":{"start":{"line":793,"column":3},"end":{"line":795,"column":4}},"184":{"start":{"line":794,"column":6},"end":{"line":794,"column":35}},"185":{"start":{"line":797,"column":3},"end":{"line":797,"column":62}},"186":{"start":{"line":799,"column":3},"end":{"line":799,"column":80}},"187":{"start":{"line":801,"column":3},"end":{"line":803,"column":6}},"188":{"start":{"line":802,"column":6},"end":{"line":802,"column":39}},"189":{"start":{"line":802,"column":20},"end":{"line":802,"column":39}},"190":{"start":{"line":805,"column":3},"end":{"line":805,"column":30}},"191":{"start":{"line":806,"column":3},"end":{"line":806,"column":17}},"192":{"start":{"line":808,"column":3},"end":{"line":808,"column":18}},"193":{"start":{"line":832,"column":0},"end":{"line":865,"column":1}},"194":{"start":{"line":833,"column":3},"end":{"line":837,"column":5}},"195":{"start":{"line":838,"column":3},"end":{"line":840,"column":4}},"196":{"start":{"line":839,"column":6},"end":{"line":839,"column":54}},"197":{"start":{"line":841,"column":3},"end":{"line":847,"column":5}},"198":{"start":{"line":849,"column":3},"end":{"line":851,"column":4}},"199":{"start":{"line":850,"column":6},"end":{"line":850,"column":35}},"200":{"start":{"line":853,"column":3},"end":{"line":853,"column":62}},"201":{"start":{"line":855,"column":3},"end":{"line":855,"column":80}},"202":{"start":{"line":857,"column":3},"end":{"line":859,"column":6}},"203":{"start":{"line":858,"column":6},"end":{"line":858,"column":39}},"204":{"start":{"line":858,"column":20},"end":{"line":858,"column":39}},"205":{"start":{"line":861,"column":3},"end":{"line":861,"column":32}},"206":{"start":{"line":862,"column":3},"end":{"line":862,"column":17}},"207":{"start":{"line":864,"column":3},"end":{"line":864,"column":18}},"208":{"start":{"line":887,"column":0},"end":{"line":917,"column":1}},"209":{"start":{"line":888,"column":3},"end":{"line":890,"column":5}},"210":{"start":{"line":891,"column":3},"end":{"line":896,"column":5}},"211":{"start":{"line":898,"column":3},"end":{"line":900,"column":4}},"212":{"start":{"line":899,"column":6},"end":{"line":899,"column":35}},"213":{"start":{"line":902,"column":4},"end":{"line":907,"column":4}},"214":{"start":{"line":903,"column":6},"end":{"line":905,"column":8}},"215":{"start":{"line":906,"column":6},"end":{"line":906,"column":32}},"216":{"start":{"line":909,"column":3},"end":{"line":909,"column":58}},"217":{"start":{"line":911,"column":3},"end":{"line":911,"column":80}},"218":{"start":{"line":913,"column":3},"end":{"line":915,"column":6}},"219":{"start":{"line":914,"column":6},"end":{"line":914,"column":39}},"220":{"start":{"line":914,"column":20},"end":{"line":914,"column":39}},"221":{"start":{"line":916,"column":3},"end":{"line":916,"column":18}},"222":{"start":{"line":929,"column":0},"end":{"line":957,"column":1}},"223":{"start":{"line":930,"column":3},"end":{"line":956,"column":5}},"224":{"start":{"line":931,"column":6},"end":{"line":931,"column":20}},"225":{"start":{"line":932,"column":6},"end":{"line":932,"column":21}},"226":{"start":{"line":933,"column":6},"end":{"line":933,"column":22}},"227":{"start":{"line":936,"column":6},"end":{"line":936,"column":36}},"228":{"start":{"line":938,"column":6},"end":{"line":940,"column":9}},"229":{"start":{"line":939,"column":9},"end":{"line":939,"column":23}},"230":{"start":{"line":942,"column":6},"end":{"line":955,"column":9}},"231":{"start":{"line":943,"column":9},"end":{"line":954,"column":10}},"232":{"start":{"line":944,"column":12},"end":{"line":944,"column":55}},"233":{"start":{"line":945,"column":12},"end":{"line":945,"column":45}},"234":{"start":{"line":945,"column":26},"end":{"line":945,"column":45}},"235":{"start":{"line":947,"column":12},"end":{"line":953,"column":13}},"236":{"start":{"line":948,"column":15},"end":{"line":948,"column":51}},"237":{"start":{"line":950,"column":15},"end":{"line":950,"column":27}},"238":{"start":{"line":952,"column":15},"end":{"line":952,"column":48}},"239":{"start":{"line":952,"column":29},"end":{"line":952,"column":48}}},"branchMap":{"1":{"line":50,"type":"cond-expr","locations":[{"start":{"line":50,"column":45},"end":{"line":50,"column":49}},{"start":{"line":50,"column":52},"end":{"line":59,"column":4}}]},"2":{"line":83,"type":"binary-expr","locations":[{"start":{"line":83,"column":13},"end":{"line":83,"column":25}},{"start":{"line":83,"column":29},"end":{"line":83,"column":40}}]},"3":{"line":84,"type":"binary-expr","locations":[{"start":{"line":84,"column":13},"end":{"line":84,"column":25}},{"start":{"line":84,"column":29},"end":{"line":84,"column":35}}]},"4":{"line":85,"type":"binary-expr","locations":[{"start":{"line":85,"column":13},"end":{"line":85,"column":25}},{"start":{"line":85,"column":29},"end":{"line":85,"column":31}}]},"5":{"line":86,"type":"binary-expr","locations":[{"start":{"line":86,"column":13},"end":{"line":86,"column":25}},{"start":{"line":86,"column":29},"end":{"line":86,"column":36}}]},"6":{"line":88,"type":"binary-expr","locations":[{"start":{"line":88,"column":15},"end":{"line":88,"column":29}},{"start":{"line":88,"column":33},"end":{"line":88,"column":38}}]},"7":{"line":89,"type":"binary-expr","locations":[{"start":{"line":89,"column":15},"end":{"line":89,"column":29}},{"start":{"line":89,"column":33},"end":{"line":89,"column":38}}]},"8":{"line":90,"type":"binary-expr","locations":[{"start":{"line":90,"column":35},"end":{"line":90,"column":70}},{"start":{"line":90,"column":74},"end":{"line":90,"column":79}}]},"9":{"line":91,"type":"binary-expr","locations":[{"start":{"line":91,"column":19},"end":{"line":91,"column":38}},{"start":{"line":91,"column":42},"end":{"line":91,"column":62}}]},"10":{"line":95,"type":"cond-expr","locations":[{"start":{"line":95,"column":105},"end":{"line":95,"column":113}},{"start":{"line":95,"column":116},"end":{"line":95,"column":129}}]},"11":{"line":147,"type":"if","locations":[{"start":{"line":147,"column":3},"end":{"line":147,"column":3}},{"start":{"line":147,"column":3},"end":{"line":147,"column":3}}]},"12":{"line":152,"type":"cond-expr","locations":[{"start":{"line":152,"column":32},"end":{"line":152,"column":36}},{"start":{"line":152,"column":39},"end":{"line":152,"column":45}}]},"13":{"line":171,"type":"if","locations":[{"start":{"line":171,"column":3},"end":{"line":171,"column":3}},{"start":{"line":171,"column":3},"end":{"line":171,"column":3}}]},"14":{"line":175,"type":"cond-expr","locations":[{"start":{"line":175,"column":30},"end":{"line":175,"column":33}},{"start":{"line":175,"column":36},"end":{"line":175,"column":41}}]},"15":{"line":198,"type":"binary-expr","locations":[{"start":{"line":198,"column":24},"end":{"line":198,"column":42}},{"start":{"line":198,"column":46},"end":{"line":198,"column":48}}]},"16":{"line":199,"type":"cond-expr","locations":[{"start":{"line":199,"column":48},"end":{"line":199,"column":50}},{"start":{"line":199,"column":53},"end":{"line":199,"column":73}}]},"17":{"line":199,"type":"binary-expr","locations":[{"start":{"line":199,"column":53},"end":{"line":199,"column":67}},{"start":{"line":199,"column":71},"end":{"line":199,"column":73}}]},"18":{"line":200,"type":"cond-expr","locations":[{"start":{"line":200,"column":74},"end":{"line":200,"column":79}},{"start":{"line":200,"column":82},"end":{"line":200,"column":107}}]},"19":{"line":201,"type":"binary-expr","locations":[{"start":{"line":201,"column":46},"end":{"line":201,"column":65}},{"start":{"line":201,"column":69},"end":{"line":201,"column":95}}]},"20":{"line":202,"type":"if","locations":[{"start":{"line":202,"column":3},"end":{"line":202,"column":3}},{"start":{"line":202,"column":3},"end":{"line":202,"column":3}}]},"21":{"line":232,"type":"if","locations":[{"start":{"line":232,"column":3},"end":{"line":232,"column":3}},{"start":{"line":232,"column":3},"end":{"line":232,"column":3}}]},"22":{"line":235,"type":"cond-expr","locations":[{"start":{"line":235,"column":40},"end":{"line":235,"column":47}},{"start":{"line":235,"column":50},"end":{"line":235,"column":56}}]},"23":{"line":261,"type":"if","locations":[{"start":{"line":261,"column":3},"end":{"line":261,"column":3}},{"start":{"line":261,"column":3},"end":{"line":261,"column":3}}]},"24":{"line":266,"type":"binary-expr","locations":[{"start":{"line":266,"column":15},"end":{"line":266,"column":22}},{"start":{"line":266,"column":26},"end":{"line":266,"column":28}}]},"25":{"line":316,"type":"if","locations":[{"start":{"line":316,"column":3},"end":{"line":316,"column":3}},{"start":{"line":316,"column":3},"end":{"line":316,"column":3}}]},"26":{"line":344,"type":"if","locations":[{"start":{"line":344,"colum
[...]
ased. If an array is provided, it will be joined by commas."," *"," * @return {Collection}"," * @api public"," */","Collection.prototype.createAlias = function(options) {","  var self = this;","  this.parameters.push('action=CREATEALIAS');","  if(options.name){","    this.parameters.push('name=' + options.name);","  }","  if(options.collections !== undefined){","    if(typeof(options.collections) === 'string'){","      this.parameters.push('collections=' + options.collections);","    } else{","      this.parameters.push('collections=' + options.collections.join());","    }","  }","","  return self;","}","","/**"," * Delete a collection alias"," * "," * @param {String} name - Name of the alias to delete"," *"," * @return {Collection}"," * @api public"," */","Collection.prototype.deleteAlias = function(name) {","  var self = this;","  this.parameters.push('action=DELETEALIAS');","  if(name){","    this.parameters.push('name=' + name);","  }","","  return self;","}","","/**"," * Delete a Collection"," *"," * @param {String} name - The name of the collection to be deleted"," *"," * @return {Collection}"," * @api public"," */","Collection.prototype.delete = function(name) {","  var self = this;","  this.parameters.push('action=DELETE');","  if(name){","    this.parameters.push('name=' + name);","  }","","  return self;","}","","/**"," * Delete a replica"," * "," * @param {Object} options - Options for deleting the replica"," * @param {String} collection - Name of the Collection that includes the replica to be deleted"," * @param {String} shard - Name of the shard that includes the replica to be deleted"," * @param {String} replica - The name of the replica to remove."," * @param {Boolean} [onlyIfDown] - If true, deletion will only execute if the replica is down/ not active."," *"," * @return {Collection}"," * @api public"," */","Collection.prototype.deleteReplica = function(options) {","  var self = this;","  this.parameters.push('action=DELETEREPLICA');","  if(options.collection){","    this.parameters.push('collection=' + options.collection);","  }","  if(options.shard){","    this.parameters.push('shard=' + options.shard);","  }","  if(options.replica){","    this.parameters.push('replica=' + options.replica);","  }","  if(options.onlyIfDown !== undefined){","    this.parameters.push('onlyIfDown=' + options.onlyIfDown);","  }","","  return self;","}","","/**"," * Add replica"," * "," * @param {Object} options - Options for adding the replica"," * @param {String} collection - Name of the Collection"," * @param {String} shard - Name of the shard to which the replica will be added"," * @param {String} [route] - If the exact shard name is not known, route can be passed and the system will identify the shard. Ignored if shard is specified."," * @param {String} [node] - Name of the node where the replica should be created."," * @param {String} [async] - Request ID to track this action, which will be processed asynchronously."," *"," * @return {Collection}"," * @api public"," */","Collection.prototype.addReplica = function(options) {","  var self = this;","  this.parameters.push('action=ADDREPLICA');","  if(options.collection){","    this.parameters.push('collection=' + options.collection);","  }","  if(options.shard){","    this.parameters.push('shard=' + options.shard);","  }","  if(options.route){","    this.parameters.push('_route_=' + options.route);","  }","  if(options.node){","    this.parameters.push('node=' + options.node);","  }","  if(options.async){","    this.parameters.push('async=' + options.async);","  }","","  return self;","}","","/**"," * Cluster Properties"," * "," * @param {Object} options - Options for cluster properties"," * @param {String} name - Name of the property. Two supported properties are 'urlScheme' and 'autoAddReplicas.' Others will be rejected by Solr."," * @param {String} val - Value of the property. If the value is empty or null, the property is unset."," *"," * @return {Collection}"," * @api public"," */","Collection.prototype.clusterProp = function(options) {","  var self = this;","  this.parameters.push('action=CLUSTERPROP');","  if(options.name){","    this.parameters.push('name=' + options.name);","  }","  if(options.val !== undefined){","    this.parameters.push('val=' + options.val);","  }","","  return self;","}","","/**"," * Migrate documents to another collection"," * "," * @param {Object} options - Options for document migration"," * @param {String} collection - Name of the source collection from which documents will be split."," * @param {String} targetCollection - Name of the target collection to which documents will be migrated."," * @param {String} splitKey - The routing key prefix."," * @param {Number} [forwardTimeout] - The timeout, in seconds, until which write requests made to the source collection for the given split.key will be forwarded to the target shard. Default is 60 seconds."," * @param {String} [async] - Request ID to track this action which will be processed asynchronously."," *"," * @return {Collection}"," * @api public"," */","Collection.prototype.migrate = function(options) {","  var self = this;","  this.parameters.push('action=MIGRATE');","  if(options.collection){","    this.parameters.push('collection=' + options.collection);","  }","  if(options.targetCollection){","    this.parameters.push('target.collection=' + options.targetCollection);","  }","  if(options.splitKey){","    this.parameters.push('split.key=' + options.splitKey);","  }","  if(options.forwardTimeout !== undefined){","    this.parameters.push('forward.timeout=' + options.forwardTimeout);","  }","  if(options.async){","    this.parameters.push('async=' + options.async);","  }","","  return self;","}","","/**"," * Add Role"," * "," * @param {Object} options - Options for adding the role"," * @param {String} role - Name of role. Only current supported role is 'overseer'"," * @param {String} node - Name of the node."," *"," * @return {Collection}"," * @api public"," */","Collection.prototype.addRole = function(options) {","  var self = this;","  this.parameters.push('action=ADDROLE');","  if(options.role){","    this.parameters.push('role=' + options.role);","  }","  if(options.node){","    this.parameters.push('node=' + options.node);","  }","","  return self;","}","","/**"," * Remove Role"," * Undo roles assigned using ADDROLE operation"," * "," * @param {Object} options - Options for removing the role"," * @param {String} role - Name of role. Only current supported role is 'overseer'"," * @param {String} node - Name of the node."," *"," * @return {Collection}"," * @api public"," */","Collection.prototype.removeRole = function(options) {","  var self = this;","  this.parameters.push('action=REMOVEROLE');","  if(options.role){","    this.parameters.push('role=' + options.role);","  }","  if(options.node){","    this.parameters.push('node=' + options.node);","  }","","  return self;","}","","/**"," * Overseer status and statistics"," *"," * @return {Collection}"," * @api public"," */","Collection.prototype.overseerStatus = function() {","  var self = this;","  this.parameters.push('action=OVERSEERSTATUS');","","  return self;","}","","/**"," * Cluster status"," *"," * @return {Collection}"," * @api public"," */","Collection.prototype.clusterStatus = function() {","  var self = this;","  this.parameters.push('action=CLUSTERSTATUS');","","  return self;","}","","/**"," * Request status"," * request the status of an already submitted Asynchronous Collection API call."," *"," * @param {String} requestid - User-defined request ID from the submitted API call. A value of '-1' will clear the stored states for the already completed/ failed tasks."," *"," * @return {Collection}"," * @api public"," */","Collection.prototype.requestStatus = function(requestid) {","  var self = this;","  this.parameters.push('action=REQUESTSTATUS');","  if(requestid){","    this.parameters.push('requestid=' + requestid);","  }","","  return self;","}","","/**"," * List collections"," *"," * @return {Collection}"," * @api public"," */","Collection.prototype.list = function() {","  var self = this;","  this.parameters.push('action=LIST');","","  return self;","}","","/**"," * Add Replica property"," * "," * @param {Object} options - Options for replica property"," * @param {String} collection - Name of collection this replica belongs to."," * @param {String} shard - Name of the shard the replica belongs to."," * @param {String} replica - The name of the replica"," * @param {String} property - The property to add"," * @param {String} propertyValue - The value to assign to the property."," * @param {Boolean} [shardUnique] - If set to true, then setting this property in one replica will remove the property from all other replicas in that shard."," *"," * @return {Collection}"," * @api public"," */","Collection.prototype.addReplicaProp = function(options) {","  var self = this;","  this.parameters.push('action=ADDREPLICAPROP');","  if(options.collection){","    this.parameters.push('collection=' + options.collection);","  }","  if(options.shard){","    this.parameters.push('shard=' + options.shard);","  }","  if(options.replica){","    this.parameters.push('replica=' + options.replica);","  }","  if(options.property){","    this.parameters.push('property=' + options.property);","  }","  if(options.propertyValue !== undefined){","    this.parameters.push('property.value=' + options.propertyValue);","  }","  if(options.shardUnique !== undefined){","    this.parameters.push('shardUnique=' + options.shardUnique);","  }","","  return self;","}","","/**"," * Delete Replica property"," * "," * @param {Object} options - Options for replica property"," * @param {String} collection - Name of collection this replica belongs to."," * @param {String} shard - Name of the shard the replica belongs to."," * @param {String} replica - The name of the replica"," * @param {String} property - The property to remove"," *"," * @return {Collection}"," * @api public"," */","Collection.prototype.deleteReplicaProp = function(options) {","  var self = this;","  this.parameters.push('action=DELETEREPLICAPROP');","  if(options.collection){","    this.parameters.push('collection=' + options.collection);","  }","  if(options.shard){","    this.parameters.push('shard=' + options.shard);","  }","  if(options.replica){","    this.parameters.push('replica=' + options.replica);","  }","  if(options.property){","    this.parameters.push('property=' + options.property);","  }","","  return self;","}","","/**"," * Balance a property"," * "," * @param {Object} options - Options for replica property"," * @param {String} collection - Name of collection to balance the property in."," * @param {String} property - The property to balance"," * @param {Boolean} [onlyActiveNodes] - Default is true. When true, property is instantiated on active nodes only. If false, inactive nodes will be included."," * @param {Boolean} [shardUnique] - If set to true, then setting this property in one replica will r","emove the property from all other replicas in that shard."," *"," * @return {Collection}"," * @api public"," */","Collection.prototype.balanceShardUnique = function(options) {","  var self = this;","  this.parameters.push('action=BALANCESHARDUNIQUE');","  if(options.collection){","    this.parameters.push('collection=' + options.collection);","  }","  if(options.property){","    this.parameters.push('property=' + options.property);","  }","  if(options.onlyActiveNodes !== undefined){","    this.parameters.push('onlyActiveNodes=' + options.onlyActiveNodes);","  }","  if(options.shardUnique !== undefined){","    this.parameters.push('shardUnique=' + options.shardUnique);","  }","","  return self;","}","","/**"," * Rebalance leaders"," * "," * @param {Object} options - Options for replica property"," * @param {String} collection - Name of collection to rebalance preferredLeaders on."," * @param {Number} [maxAtOnce] - The maximum number of reassignments to have queue up at once."," * @param {Number} [maxWaitSeconds] - Timeout value (seconds) when waiting for leaders to be reassigned. Default is 60."," *"," * @return {Collection}"," * @api public"," */","Collection.prototype.rebalanceLeaders = function(options) {","  var self = this;","  this.parameters.push('action=REBALANCELEADERS');","  if(options.collection){","    this.parameters.push('collection=' + options.collection);","  }","  if(options.maxAtOnce !== undefined){","    this.parameters.push('maxAtOnce=' + options.maxAtOnce);","  }","  if(options.maxWaitSeconds !== undefined){","    this.parameters.push('maxWaitSeconds=' + options.maxWaitSeconds);","  }","","  return self;","}","","/**"," * Build a querystring with the array of `this.parameters`."," *"," * @return {String}"," * @api private"," */","Collection.prototype.build = function(){","  return this.parameters.join('&');","}",""],"l":{"4":1,"11":1,"21":1,"22":0,"34":1,"35":0,"36":0,"37":0,"60":1,"61":0,"62":0,"63":0,"64":0,"66":0,"67":0,"69":0,"70":0,"72":0,"73":0,"74":0,"76":0,"79":0,"80":0,"82":0,"83":0,"85":0,"86":0,"87":0,"89":0,"92":0,"93":0,"95":0,"96":0,"98":0,"99":0,"101":0,"102":0,"104":0,"105":0,"108":0,"119":1,"120":0,"121":0,"122":0,"123":0,"126":0,"142":1,"143":0,"144":0,"145":0,"146":0,"148":0,"149":0,"151":0,"152":0,"153":0,"155":0,"158":0,"159":0,"161":0,"162":0,"165":0,"179":1,"180":0,"181":0,"182":0,"183":0,"185":0,"186":0,"189":0,"202":1,"203":0,"204":0,"205":0,"206":0,"208":0,"209":0,"212":0,"225":1,"226":0,"227":0,"228":0,"229":0,"231":0,"232":0,"233":0,"235":0,"239":0,"250":1,"251":0,"252":0,"253":0,"254":0,"257":0,"268":1,"269":0,"270":0,"271":0,"272":0,"275":0,"290":1,"291":0,"292":0,"293":0,"294":0,"296":0,"297":0,"299":0,"300":0,"302":0,"303":0,"306":0,"322":1,"323":0,"324":0,"325":0,"326":0,"328":0,"329":0,"331":0,"332":0,"334":0,"335":0,"337":0,"338":0,"341":0,"354":1,"355":0,"356":0,"357":0,"358":0,"360":0,"361":0,"364":0,"380":1,"381":0,"382":0,"383":0,"384":0,"386":0,"387":0,"389":0,"390":0,"392":0,"393":0,"395":0,"396":0,"399":0,"412":1,"413":0,"414":0,"415":0,"416":0,"418":0,"419":0,"422":0,"436":1,"437":0,"438":0,"439":0,"440":0,"442":0,"443":0,"446":0,"455":1,"456":0,"457":0,"459":0,"468":1,"469":0,"470":0,"472":0,"484":1,"485":0,"486":0,"487":0,"488":0,"491":0,"500":1,"501":0,"502":0,"504":0,"521":1,"522":0,"523":0,"524":0,"525":0,"527":0,"528":0,"530":0,"531":0,"533":0,"534":0,"536":0,"537":0,"539":0,"540":0,"543":0,"558":1,"559":0,"560":0,"561":0,"562":0,"564":0,"565":0,"567":0,"568":0,"570":0,"571":0,"574":0,"590":1,"591":0,"592":0,"593":0,"594":0,"596":0,"597":0,"599":0,"600":0,"602":0,"603":0,"606":0,"620":1,"621":0,"622":0,"623":0,"624":0,"626":0,"627":0,"629":0,"630":0,"633":0,"642":1,"643":0}},"/home/travis/build/npmtest/node-npmtest-solr-client/node_modules/solr-client/lib/error/solr-error.js":{"path":"/home/travis/build/npmtest/node-npmtest-solr-client/node_modules/solr-client/lib/error/solr-error.js","s":{"1":1,"2":1,"3":1,"4":0,"5":0,"6":0,"7":0,"8":0,"9":0,"10":0,"11":1,"12":1,"13":0},"b":{"1":[0,0],"2":[0,0]},"f":{"1":0,"2":0},"fnMap":{"1":{"name":"SolrError","line":22,"loc":{"start":{"line":22,"column":0},"end":{"line":22,"column":39}}},"2":{"name":"decode","line":43,"loc":{"start":{"line":43,"column":0},"end":{"line":43,"column":21}}}},"statementMap":{"1":{"start":{"line":5,"column":0},"end":{"line":6,"column":26}},"2":{"start":{"line":12,"column":0},"end":{"line":12,"column":27}},"3":{"start":{"line":22,"column":0},"end":{"line":31,"column":1}},"4":{"start":{"line":23,"column":3},"end":{"line":23,"column":20}},"5":{"start":{"line":24,"column":3},"end":{"line":27,"column":4}},"6":{"start":{"line":25,"column":6},"end":{"line":25,"column":63}},"7":{"start":{"line":26,"column":6},"end":{"line":26,"column":65}},"8":{"start":{"line":28,"column":3},"end":{"line":28,"column":43}},"9":{"start":{"line":29,"column":3},"end":{"line":29,"column":50}},"10":{"start":{"line":30,"column":3},"end":{"line":30,"column":27}},"11":{"start":{"line":33,"column":0},"end":{"line":33,"column":36}},"12":{"start":{"line":43,"column":0},"end":{"line":49,"column":1}},"13":{"start":{"line":44,"column":2},"end":{"line":48,"column":38}}},"branchMap":{"1":{"line":24,"type":"if","locations":[{"start":{"line":24,"column":3},"end":{"line":24,"column":3}},{"start":{"line":24,"column":3},"end":{"line":24,"column":3}}]},"2":{"line":26,"type":"binary-expr","locations":[{"start":{"line":26,"column":24},"end":{"line":26,"column":31}},{"start":{"line":26,"column":35},"end":{"line":26,"column":52}}]}},"code":["/**"," * Module dependencies"," */","","var HTTPError = require('httperror'),","   util = require('util');","","/**"," * Expose `SolrError`"," */","","module.exports = SolrError;","","/**"," * Create a new `SolrError`"," * @constructor"," *"," * @return {SolrError}"," * @api private"," */","","function SolrError(req,res,htmlMessage){","   var message = '';","   if(htmlMessage){","      var matches = htmlMessage.match(/<pre>([\\s\\S]+)<\\/pre>/);","      message = decode((matches || ['', htmlMessage])[1].trim());","   }","   HTTPError.call(this, req, res, message);","   Error.captureStackTrace(this,arguments.callee);","   this.name = 'SolrError';","}","","util.inherits(SolrError, HTTPError);","","/**"," * Decode few HTML entities: &<>'\""," *"," * @param {String} str -"," *"," * @return {String}"," * @api private"," */","function decode(str) {","  return str.replace(/&amp;/g,'&')","            .replace(/&lt;/gm, '<')","            .replace(/&gt;/gm, '>')","            .replace(/&apos;/gm, '\\'')","            .replace(/&quot;/gm, '\"');","};",""],"l":{"5":1,"12":1,"22":1,"23":0,"24":0,"25":0,"26":0,"28":0,"29":0,"30":0,"33":1,"43":1,"44":0}},"/home/travis/build/npmtest/node-npmtest-solr-client/node_modules/solr-client/lib/utils/type.js":{"path":"/home/travis/build/npmtest/node-npmtest-solr-client/node_modules/solr-client/lib/utils/type.js","s":{"1":1,"2":0,"3":0,"4":0,"5":0,"6":0,"7":0,"8":0},"b":{"1":[0,0],"2":[0,0],"3":[0,0]},"f":{"1":0},"fnMap":{"1":{"name":"isNumber","line":7,"loc":{"start":{"line":7,"column":19},"end":{"line":7,"column":52}}}},"statementMap":{"1":{"start":{"line":7,"column":0},"end":{"line":21,"column":2}},"2":{"start":{"line":8,"column":2},"end":{"line":8,"column":50}},"3":{"start":{"line":9,"column":2},"end":{"line":9,"column":30}},"4":{"start":{"line":11,"column":2},"end":{"line":20,"column":3}},"5":{"start":{"line":12,"column":4},"end":{"line":12,"column":16}},"6":{"start":{"line":15,"column":4},"end":{"line":19,"column":5}},"7":{"start":{"line":16,"column":6},"end":{"line":16,"column":55}},"8":{"start":{"line":18,"column":6},"end":{"line":18,"column":37}}},"branchMap":{"1":{"line":8,"type":"cond-expr","locations":[{"start":{"line":8,"column":35},"end":{"line":8,"column":39}},{"start":{"line":8,"column":42},"end":{"line":8,"column":48}}]},"2":{"line":11,"type":"if","locations":[{"start":{"line":11,"column":2},"end":{"line":11,"column":2}},{"start":{"line":11,"column":2},"end":{"line":11,"column":2}}]},"3":{"line":15,"type":"if","locations":[{"start":{"line":15,"column":4},"end":{"line":15,"column":4}},{"start":{"line":15,"column":4},"end":{"line":15,"column":4}}]}},"code":["/**"," *"," * @param value - The value to check against"," * @param strict - Pass true if you want to make sure the number is fully and only composed of digits, false to just check if we can extract a number via parseInt(). Default to true."," * @returns boolean"," */","exports.isNumber = function isNumber(value, strict) {","  strict = (strict === undefined ? true : strict);","  var digitRegex = /^\\-?\\d+$/; // At least 1 digit, possibly a minus sign before","","  if (typeof value === 'number') {","    return true;","  } else {","    // String ?","    if (strict) {","      return (('' + value).match(digitRegex) !== null);","    } else {","      return !isNaN(parseInt(value));","    }","  }","};",""],"l":{"7":1,"8":0,"9":0,"11":0,"12":0,"15":0,"16":0,"18":0}}}